<?xml version="1.0" encoding="UTF-8"?>
<testsuite xmlns:xsi="http://www.w3.org/2001/XMLSchema-instance" xsi:noNamespaceSchemaLocation="https://maven.apache.org/surefire/maven-surefire-plugin/xsd/surefire-test-report.xsd" version="3.0.2" name="com.mfon.rmhi.RmhiApplicationTests" time="2.167" tests="1" errors="0" skipped="0" failures="0">
  <properties>
[...]
</properties>
  <testcase name="contextLoads" classname="com.mfon.rmhi.RmhiApplicationTests" time="0.226">
    <system-out><![CDATA[Standard Commons Logging discovery in action with spring-jcl: please remove commons-logging.jar from classpath in order to avoid potential conflicts
18:23:14.990 [main] INFO org.springframework.test.context.support.AnnotationConfigContextLoaderUtils -- Could not detect default configuration classes for test class [com.mfon.rmhi.RmhiApplicationTests]: RmhiApplicationTests does not declare any static, non-private, non-final, nested classes annotated with @Configuration.
18:23:15.024 [main] INFO org.springframework.boot.test.context.SpringBootTestContextBootstrapper -- Found @SpringBootConfiguration com.mfon.rmhi.RmhiApplication for test class com.mfon.rmhi.RmhiApplicationTests
18:23:15.075 [main] INFO org.springframework.boot.devtools.restart.RestartApplicationListener -- Restart disabled due to context in which it is running

  .   ____          _            __ _ _
 /\\ / ___'_ __ _ _(_)_ __  __ _ \ \ \ \
( ( )\___ | '_ | '_| | '_ \/ _` | \ \ \ \
 \\/  ___)| |_)| | | | | || (_| |  ) ) ) )
  '  |____| .__|_| |_|_| |_\__, | / / / /
 =========|_|==============|___/=/_/_/_/

 :: Spring Boot ::                (v3.5.3)

2025-07-12T18:23:15.180-07:00  INFO 9371 --- [rmhi] [           main] com.mfon.rmhi.RmhiApplicationTests       : Starting RmhiApplicationTests using Java 21.0.7 with PID 9371 (started by mfonudoh in /Users/mfonudoh/Desktop/Programs/eureka/backend)
2025-07-12T18:23:15.181-07:00  INFO 9371 --- [rmhi] [           main] com.mfon.rmhi.RmhiApplicationTests       : No active profile set, falling back to 1 default profile: "default"
2025-07-12T18:23:15.420-07:00  INFO 9371 --- [rmhi] [           main] .s.d.r.c.RepositoryConfigurationDelegate : Multiple Spring Data modules found, entering strict repository configuration mode
2025-07-12T18:23:15.420-07:00  INFO 9371 --- [rmhi] [           main] .s.d.r.c.RepositoryConfigurationDelegate : Bootstrapping Spring Data JDBC repositories in DEFAULT mode.
2025-07-12T18:23:15.432-07:00  INFO 9371 --- [rmhi] [           main] .RepositoryConfigurationExtensionSupport : Spring Data JDBC - Could not safely identify store assignment for repository candidate interface com.mfon.rmhi.repository.CommentRepository; If you want this repository to be a JDBC repository, consider annotating your entities with one of these annotations: org.springframework.data.relational.core.mapping.Table.
2025-07-12T18:23:15.433-07:00  INFO 9371 --- [rmhi] [           main] .RepositoryConfigurationExtensionSupport : Spring Data JDBC - Could not safely identify store assignment for repository candidate interface com.mfon.rmhi.repository.IdeaRepository; If you want this repository to be a JDBC repository, consider annotating your entities with one of these annotations: org.springframework.data.relational.core.mapping.Table.
2025-07-12T18:23:15.433-07:00  INFO 9371 --- [rmhi] [           main] .RepositoryConfigurationExtensionSupport : Spring Data JDBC - Could not safely identify store assignment for repository candidate interface com.mfon.rmhi.repository.IdeaTechnologyRepository; If you want this repository to be a JDBC repository, consider annotating your entities with one of these annotations: org.springframework.data.relational.core.mapping.Table.
2025-07-12T18:23:15.433-07:00  INFO 9371 --- [rmhi] [           main] .RepositoryConfigurationExtensionSupport : Spring Data JDBC - Could not safely identify store assignment for repository candidate interface com.mfon.rmhi.repository.UserRepository; If you want this repository to be a JDBC repository, consider annotating your entities with one of these annotations: org.springframework.data.relational.core.mapping.Table.
2025-07-12T18:23:15.434-07:00  INFO 9371 --- [rmhi] [           main] .s.d.r.c.RepositoryConfigurationDelegate : Finished Spring Data repository scanning in 11 ms. Found 0 JDBC repository interfaces.
2025-07-12T18:23:15.438-07:00  INFO 9371 --- [rmhi] [           main] .s.d.r.c.RepositoryConfigurationDelegate : Multiple Spring Data modules found, entering strict repository configuration mode
2025-07-12T18:23:15.438-07:00  INFO 9371 --- [rmhi] [           main] .s.d.r.c.RepositoryConfigurationDelegate : Bootstrapping Spring Data JPA repositories in DEFAULT mode.
2025-07-12T18:23:15.447-07:00  INFO 9371 --- [rmhi] [           main] .s.d.r.c.RepositoryConfigurationDelegate : Finished Spring Data repository scanning in 7 ms. Found 4 JPA repository interfaces.
2025-07-12T18:23:15.655-07:00  INFO 9371 --- [rmhi] [           main] o.hibernate.jpa.internal.util.LogHelper  : HHH000204: Processing PersistenceUnitInfo [name: default]
2025-07-12T18:23:15.671-07:00  INFO 9371 --- [rmhi] [           main] org.hibernate.Version                    : HHH000412: Hibernate ORM core version 6.6.18.Final
2025-07-12T18:23:15.685-07:00  INFO 9371 --- [rmhi] [           main] o.h.c.internal.RegionFactoryInitiator    : HHH000026: Second-level cache disabled
2025-07-12T18:23:15.791-07:00  INFO 9371 --- [rmhi] [           main] o.s.o.j.p.SpringPersistenceUnitInfo      : No LoadTimeWeaver setup: ignoring JPA class transformer
2025-07-12T18:23:15.801-07:00  INFO 9371 --- [rmhi] [           main] com.zaxxer.hikari.HikariDataSource       : HikariPool-1 - Starting...
2025-07-12T18:23:15.842-07:00  INFO 9371 --- [rmhi] [           main] com.zaxxer.hikari.pool.HikariPool        : HikariPool-1 - Added connection org.postgresql.jdbc.PgConnection@ff2266c
2025-07-12T18:23:15.843-07:00  INFO 9371 --- [rmhi] [           main] com.zaxxer.hikari.HikariDataSource       : HikariPool-1 - Start completed.
2025-07-12T18:23:15.865-07:00  INFO 9371 --- [rmhi] [           main] org.hibernate.orm.connections.pooling    : HHH10001005: Database info:
	Database JDBC URL [Connecting through datasource 'HikariDataSource (HikariPool-1)']
	Database driver: undefined/unknown
	Database version: 15.13
	Autocommit mode: undefined/unknown
	Isolation level: undefined/unknown
	Minimum pool size: undefined/unknown
	Maximum pool size: undefined/unknown
2025-07-12T18:23:15.967-07:00  WARN 9371 --- [rmhi] [           main] org.hibernate.mapping.RootClass          : HHH000038: Composite-id class does not override equals(): com.mfon.rmhi.model.IdeaTechnology
2025-07-12T18:23:15.968-07:00  WARN 9371 --- [rmhi] [           main] org.hibernate.mapping.RootClass          : HHH000039: Composite-id class does not override hashCode(): com.mfon.rmhi.model.IdeaTechnology
2025-07-12T18:23:16.182-07:00  INFO 9371 --- [rmhi] [           main] o.h.e.t.j.p.i.JtaPlatformInitiator       : HHH000489: No JTA platform available (set 'hibernate.transaction.jta.platform' to enable JTA platform integration)
2025-07-12T18:23:16.318-07:00  INFO 9371 --- [rmhi] [           main] j.LocalContainerEntityManagerFactoryBean : Initialized JPA EntityManagerFactory for persistence unit 'default'
2025-07-12T18:23:16.571-07:00  WARN 9371 --- [rmhi] [           main] JpaBaseConfiguration$JpaWebConfiguration : spring.jpa.open-in-view is enabled by default. Therefore, database queries may be performed during view rendering. Explicitly configure spring.jpa.open-in-view to disable this warning
2025-07-12T18:23:16.878-07:00  INFO 9371 --- [rmhi] [           main] com.mfon.rmhi.RmhiApplicationTests       : Started RmhiApplicationTests in 1.806 seconds (process running for 2.118)
]]></system-out>
    <system-err><![CDATA[Mockito is currently self-attaching to enable the inline-mock-maker. This will no longer work in future releases of the JDK. Please add Mockito as an agent to your build as described in Mockito's documentation: https://javadoc.io/doc/org.mockito/mockito-core/latest/org.mockito/org/mockito/Mockito.html#0.3
WARNING: A Java agent has been loaded dynamically (/Users/mfonudoh/.m2/repository/net/bytebuddy/byte-buddy-agent/1.17.6/byte-buddy-agent-1.17.6.jar)
WARNING: If a serviceability tool is in use, please run with -XX:+EnableDynamicAgentLoading to hide this warning
WARNING: If a serviceability tool is not in use, please run with -Djdk.instrument.traceUsage for more information
WARNING: Dynamic loading of agents will be disallowed by default in a future release
]]></system-err>
  </testcase>
</testsuite>