2025-08-15 16:53:33,545 - __name__ - INFO - Started backfill
2025-08-15 16:53:33,546 - __name__ - INFO - [SCRAPE_DEVPOST] Scraping page 1
2025-08-15 16:53:34,117 - __name__ - INFO - [SCRAPE_DEVPOST] Found 9 hackathons on this page
2025-08-15 16:53:34,117 - __name__ - INFO - [SCRAPE_DEVPOST] 9 hackathons scraped 

2025-08-15 16:53:35,120 - __name__ - INFO - [SCRAPE_DEVPOST] Scraping page 2
2025-08-15 16:53:35,505 - __name__ - INFO - [SCRAPE_DEVPOST] Found 9 hackathons on this page
2025-08-15 16:53:35,505 - __name__ - INFO - [SCRAPE_DEVPOST] 18 hackathons scraped 

2025-08-15 16:53:36,508 - __name__ - INFO - [SCRAPE_DEVPOST] Scraping page 3
2025-08-15 16:53:36,913 - __name__ - INFO - [SCRAPE_DEVPOST] Found 9 hackathons on this page
2025-08-15 16:53:36,913 - __name__ - INFO - [SCRAPE_DEVPOST] 27 hackathons scraped 

2025-08-15 16:53:37,915 - __name__ - INFO - [SCRAPE_DEVPOST] Scraping page 4
2025-08-15 16:53:38,316 - __name__ - INFO - [SCRAPE_DEVPOST] Found 9 hackathons on this page
2025-08-15 16:53:38,317 - __name__ - INFO - [SCRAPE_DEVPOST] 36 hackathons scraped 

2025-08-15 16:53:39,320 - __name__ - INFO - [SCRAPE_DEVPOST] Scraping page 5
2025-08-15 16:53:39,781 - __name__ - INFO - [SCRAPE_DEVPOST] Found 9 hackathons on this page
2025-08-15 16:53:39,781 - __name__ - INFO - [SCRAPE_DEVPOST] 45 hackathons scraped 

2025-08-15 16:53:40,786 - __name__ - INFO - [SCRAPE_DEVPOST] Scraping page 6
2025-08-15 16:53:41,181 - __name__ - INFO - [SCRAPE_DEVPOST] Found 9 hackathons on this page
2025-08-15 16:53:41,182 - __name__ - INFO - [SCRAPE_DEVPOST] 54 hackathons scraped 

2025-08-15 16:53:42,186 - __name__ - INFO - [SCRAPE_DEVPOST] Scraping page 7
2025-08-15 16:53:42,580 - __name__ - INFO - [SCRAPE_DEVPOST] Found 9 hackathons on this page
2025-08-15 16:53:42,580 - __name__ - INFO - [SCRAPE_DEVPOST] 63 hackathons scraped 

2025-08-15 16:53:43,585 - __name__ - INFO - [SCRAPE_DEVPOST] Scraping page 8
2025-08-15 16:53:44,131 - __name__ - INFO - [SCRAPE_DEVPOST] Found 9 hackathons on this page
2025-08-15 16:53:44,131 - __name__ - INFO - [SCRAPE_DEVPOST] 72 hackathons scraped 

2025-08-15 16:53:45,137 - __name__ - INFO - [SCRAPE_DEVPOST] Scraping page 9
2025-08-15 16:53:45,542 - __name__ - INFO - [SCRAPE_DEVPOST] Found 9 hackathons on this page
2025-08-15 16:53:45,542 - __name__ - INFO - [SCRAPE_DEVPOST] 81 hackathons scraped 

2025-08-15 16:53:46,547 - __name__ - INFO - [SCRAPE_DEVPOST] Scraping page 10
2025-08-15 16:53:46,950 - __name__ - INFO - [SCRAPE_DEVPOST] Found 9 hackathons on this page
2025-08-15 16:53:46,951 - __name__ - INFO - [SCRAPE_DEVPOST] 90 hackathons scraped 

2025-08-15 16:53:47,954 - __name__ - INFO - [SCRAPE_DEVPOST] Scraping page 11
2025-08-15 16:53:48,468 - __name__ - INFO - [SCRAPE_DEVPOST] Found 9 hackathons on this page
2025-08-15 16:53:48,469 - __name__ - INFO - [SCRAPE_DEVPOST] 99 hackathons scraped 

2025-08-15 16:53:49,470 - __name__ - INFO - [SCRAPE_DEVPOST] Scraping page 12
2025-08-15 16:53:49,877 - __name__ - INFO - [SCRAPE_DEVPOST] Found 9 hackathons on this page
2025-08-15 16:53:49,877 - __name__ - INFO - [SCRAPE_DEVPOST] 108 hackathons scraped 

2025-08-15 16:53:50,879 - __name__ - INFO - [SCRAPE_DEVPOST] Scraping page 13
2025-08-15 16:53:51,274 - __name__ - INFO - [SCRAPE_DEVPOST] Found 9 hackathons on this page
2025-08-15 16:53:51,274 - __name__ - INFO - [SCRAPE_DEVPOST] 117 hackathons scraped 

2025-08-15 16:53:52,280 - __name__ - INFO - [SCRAPE_DEVPOST] Scraping page 14
2025-08-15 16:53:52,691 - __name__ - INFO - [SCRAPE_DEVPOST] Found 9 hackathons on this page
2025-08-15 16:53:52,691 - __name__ - INFO - [SCRAPE_DEVPOST] 126 hackathons scraped 

2025-08-15 16:53:53,691 - __name__ - INFO - [SCRAPE_DEVPOST] Scraping page 15
2025-08-15 16:53:54,100 - __name__ - INFO - [SCRAPE_DEVPOST] Found 9 hackathons on this page
2025-08-15 16:53:54,100 - __name__ - INFO - [SCRAPE_DEVPOST] 135 hackathons scraped 

2025-08-15 16:53:55,106 - __name__ - INFO - [SCRAPE_DEVPOST] Scraping page 16
2025-08-15 16:53:55,535 - __name__ - INFO - [SCRAPE_DEVPOST] Found 9 hackathons on this page
2025-08-15 16:53:55,536 - __name__ - INFO - [SCRAPE_DEVPOST] 144 hackathons scraped 

2025-08-15 16:53:56,537 - __name__ - INFO - [SCRAPE_DEVPOST] Scraping page 17
2025-08-15 16:53:56,937 - __name__ - INFO - [SCRAPE_DEVPOST] Found 9 hackathons on this page
2025-08-15 16:53:56,938 - __name__ - INFO - [SCRAPE_DEVPOST] 153 hackathons scraped 

2025-08-15 16:53:57,939 - __name__ - INFO - [SCRAPE_DEVPOST] Scraping page 18
2025-08-15 16:53:58,379 - __name__ - INFO - [SCRAPE_DEVPOST] Found 9 hackathons on this page
2025-08-15 16:53:58,379 - __name__ - INFO - [SCRAPE_DEVPOST] 162 hackathons scraped 

2025-08-15 16:53:59,382 - __name__ - INFO - [SCRAPE_DEVPOST] Scraping page 19
2025-08-15 16:53:59,777 - __name__ - INFO - [SCRAPE_DEVPOST] Found 9 hackathons on this page
2025-08-15 16:53:59,777 - __name__ - INFO - [SCRAPE_DEVPOST] 171 hackathons scraped 

2025-08-15 16:54:00,781 - __name__ - INFO - [SCRAPE_DEVPOST] Scraping page 20
2025-08-15 16:54:01,210 - __name__ - INFO - [SCRAPE_DEVPOST] Found 9 hackathons on this page
2025-08-15 16:54:01,210 - __name__ - INFO - [SCRAPE_DEVPOST] 180 hackathons scraped 

2025-08-15 16:54:02,215 - __name__ - INFO - [SCRAPE_DEVPOST] Scraping page 21
2025-08-15 16:54:02,645 - __name__ - INFO - [SCRAPE_DEVPOST] Found 9 hackathons on this page
2025-08-15 16:54:02,646 - __name__ - INFO - [SCRAPE_DEVPOST] 189 hackathons scraped 

2025-08-15 16:54:03,651 - __name__ - INFO - [SCRAPE_DEVPOST] Scraping page 22
2025-08-15 16:54:04,052 - __name__ - INFO - [SCRAPE_DEVPOST] Found 9 hackathons on this page
2025-08-15 16:54:04,052 - __name__ - INFO - [SCRAPE_DEVPOST] 198 hackathons scraped 

2025-08-15 16:54:05,055 - __name__ - INFO - [SCRAPE_DEVPOST] Scraping page 23
2025-08-15 16:54:05,477 - __name__ - INFO - [SCRAPE_DEVPOST] Found 9 hackathons on this page
2025-08-15 16:54:05,477 - __name__ - INFO - [SCRAPE_DEVPOST] 207 hackathons scraped 

2025-08-15 16:54:06,482 - __name__ - INFO - [SCRAPE_DEVPOST] Scraping page 24
2025-08-15 16:54:06,902 - __name__ - INFO - [SCRAPE_DEVPOST] Found 9 hackathons on this page
2025-08-15 16:54:06,902 - __name__ - INFO - [SCRAPE_DEVPOST] 216 hackathons scraped 

2025-08-15 16:54:07,907 - __name__ - INFO - [SCRAPE_DEVPOST] Scraping page 25
2025-08-15 16:54:08,325 - __name__ - INFO - [SCRAPE_DEVPOST] Found 9 hackathons on this page
2025-08-15 16:54:08,325 - __name__ - INFO - [SCRAPE_DEVPOST] 225 hackathons scraped 

2025-08-15 16:54:09,329 - __name__ - INFO - [SCRAPE_DEVPOST] Scraping page 26
2025-08-15 16:54:09,737 - __name__ - INFO - [SCRAPE_DEVPOST] Found 9 hackathons on this page
2025-08-15 16:54:09,737 - __name__ - INFO - [SCRAPE_DEVPOST] 234 hackathons scraped 

2025-08-15 16:54:10,740 - __name__ - INFO - [SCRAPE_DEVPOST] Scraping page 27
2025-08-15 16:54:11,385 - __name__ - INFO - [SCRAPE_DEVPOST] Found 9 hackathons on this page
2025-08-15 16:54:11,385 - __name__ - INFO - [SCRAPE_DEVPOST] 243 hackathons scraped 

2025-08-15 16:54:12,386 - __name__ - INFO - [SCRAPE_DEVPOST] Scraping page 28
2025-08-15 16:54:12,841 - __name__ - INFO - [SCRAPE_DEVPOST] Found 9 hackathons on this page
2025-08-15 16:54:12,842 - __name__ - INFO - [SCRAPE_DEVPOST] 252 hackathons scraped 

2025-08-15 16:54:13,846 - __name__ - INFO - [SCRAPE_DEVPOST] Scraping page 29
2025-08-15 16:54:14,276 - __name__ - INFO - [SCRAPE_DEVPOST] Found 9 hackathons on this page
2025-08-15 16:54:14,276 - __name__ - INFO - [SCRAPE_DEVPOST] 261 hackathons scraped 

2025-08-15 16:54:15,279 - __name__ - INFO - [SCRAPE_DEVPOST] Scraping page 30
2025-08-15 16:54:15,685 - __name__ - INFO - [SCRAPE_DEVPOST] Found 9 hackathons on this page
2025-08-15 16:54:15,686 - __name__ - INFO - [SCRAPE_DEVPOST] 270 hackathons scraped 

2025-08-15 16:54:16,690 - __name__ - INFO - [SCRAPE_DEVPOST] Scraping page 31
2025-08-15 16:54:17,180 - __name__ - INFO - [SCRAPE_DEVPOST] Found 9 hackathons on this page
2025-08-15 16:54:17,180 - __name__ - INFO - [SCRAPE_DEVPOST] 279 hackathons scraped 

2025-08-15 16:54:18,183 - __name__ - INFO - [SCRAPE_DEVPOST] Scraping page 32
2025-08-15 16:54:18,589 - __name__ - INFO - [SCRAPE_DEVPOST] Found 9 hackathons on this page
2025-08-15 16:54:18,589 - __name__ - INFO - [SCRAPE_DEVPOST] 288 hackathons scraped 

2025-08-15 16:54:19,594 - __name__ - INFO - [SCRAPE_DEVPOST] Scraping page 33
2025-08-15 16:54:20,001 - __name__ - INFO - [SCRAPE_DEVPOST] Found 9 hackathons on this page
2025-08-15 16:54:20,001 - __name__ - INFO - [SCRAPE_DEVPOST] 297 hackathons scraped 

2025-08-15 16:54:21,006 - __name__ - INFO - [SCRAPE_DEVPOST] Scraping page 34
2025-08-15 16:54:21,477 - __name__ - INFO - [SCRAPE_DEVPOST] Found 9 hackathons on this page
2025-08-15 16:54:21,477 - __name__ - INFO - [SCRAPE_DEVPOST] 306 hackathons scraped 

2025-08-15 16:54:22,482 - __name__ - INFO - [SCRAPE_DEVPOST] Scraping page 35
2025-08-15 16:54:22,904 - __name__ - INFO - [SCRAPE_DEVPOST] Found 9 hackathons on this page
2025-08-15 16:54:22,905 - __name__ - INFO - [SCRAPE_DEVPOST] 315 hackathons scraped 

2025-08-15 16:54:23,909 - __name__ - INFO - [SCRAPE_DEVPOST] Scraping page 36
2025-08-15 16:54:24,315 - __name__ - INFO - [SCRAPE_DEVPOST] Found 9 hackathons on this page
2025-08-15 16:54:24,315 - __name__ - INFO - [SCRAPE_DEVPOST] 324 hackathons scraped 

2025-08-15 16:54:25,321 - __name__ - INFO - [SCRAPE_DEVPOST] Scraping page 37
2025-08-15 16:54:25,818 - __name__ - INFO - [SCRAPE_DEVPOST] Found 9 hackathons on this page
2025-08-15 16:54:25,819 - __name__ - INFO - [SCRAPE_DEVPOST] 333 hackathons scraped 

2025-08-15 16:54:26,821 - __name__ - INFO - [SCRAPE_DEVPOST] Scraping page 38
2025-08-15 16:54:27,239 - __name__ - INFO - [SCRAPE_DEVPOST] Found 9 hackathons on this page
2025-08-15 16:54:27,239 - __name__ - INFO - [SCRAPE_DEVPOST] 342 hackathons scraped 

2025-08-15 16:54:28,241 - __name__ - INFO - [SCRAPE_DEVPOST] Scraping page 39
2025-08-15 16:54:28,656 - __name__ - INFO - [SCRAPE_DEVPOST] Found 9 hackathons on this page
2025-08-15 16:54:28,657 - __name__ - INFO - [SCRAPE_DEVPOST] 351 hackathons scraped 

2025-08-15 16:54:29,657 - __name__ - INFO - [SCRAPE_DEVPOST] Scraping page 40
2025-08-15 16:54:30,074 - __name__ - INFO - [SCRAPE_DEVPOST] Found 9 hackathons on this page
2025-08-15 16:54:30,076 - __name__ - INFO - [SCRAPE_DEVPOST] 360 hackathons scraped 

2025-08-15 16:54:31,077 - __name__ - INFO - [SCRAPE_DEVPOST] Scraping page 41
2025-08-15 16:54:31,642 - __name__ - INFO - [SCRAPE_DEVPOST] Found 9 hackathons on this page
2025-08-15 16:54:31,642 - __name__ - INFO - [SCRAPE_DEVPOST] 369 hackathons scraped 

2025-08-15 16:54:32,645 - __name__ - INFO - [SCRAPE_DEVPOST] Scraping page 42
2025-08-15 16:54:33,169 - __name__ - INFO - [SCRAPE_DEVPOST] Found 9 hackathons on this page
2025-08-15 16:54:33,170 - __name__ - INFO - [SCRAPE_DEVPOST] 378 hackathons scraped 

2025-08-15 16:54:34,175 - __name__ - INFO - [SCRAPE_DEVPOST] Scraping page 43
2025-08-15 16:54:34,738 - __name__ - INFO - [SCRAPE_DEVPOST] Found 9 hackathons on this page
2025-08-15 16:54:34,738 - __name__ - INFO - [SCRAPE_DEVPOST] 387 hackathons scraped 

2025-08-15 16:54:35,743 - __name__ - INFO - [SCRAPE_DEVPOST] Scraping page 44
2025-08-15 16:54:36,260 - __name__ - INFO - [SCRAPE_DEVPOST] Found 9 hackathons on this page
2025-08-15 16:54:36,260 - __name__ - INFO - [SCRAPE_DEVPOST] 396 hackathons scraped 

2025-08-15 16:54:37,266 - __name__ - INFO - [SCRAPE_DEVPOST] Scraping page 45
2025-08-15 16:54:37,818 - __name__ - INFO - [SCRAPE_DEVPOST] Found 9 hackathons on this page
2025-08-15 16:54:37,818 - __name__ - INFO - [SCRAPE_DEVPOST] 405 hackathons scraped 

2025-08-15 16:54:38,823 - __name__ - INFO - [SCRAPE_DEVPOST] Scraping page 46
2025-08-15 16:54:39,332 - __name__ - INFO - [SCRAPE_DEVPOST] Found 9 hackathons on this page
2025-08-15 16:54:39,332 - __name__ - INFO - [SCRAPE_DEVPOST] 414 hackathons scraped 

2025-08-15 16:54:40,337 - __name__ - INFO - [SCRAPE_DEVPOST] Scraping page 47
2025-08-15 16:54:40,872 - __name__ - INFO - [SCRAPE_DEVPOST] Found 9 hackathons on this page
2025-08-15 16:54:40,872 - __name__ - INFO - [SCRAPE_DEVPOST] 423 hackathons scraped 

2025-08-15 16:54:41,878 - __name__ - INFO - [SCRAPE_DEVPOST] Scraping page 48
2025-08-15 16:54:42,402 - __name__ - INFO - [SCRAPE_DEVPOST] Found 9 hackathons on this page
2025-08-15 16:54:42,402 - __name__ - INFO - [SCRAPE_DEVPOST] 432 hackathons scraped 

2025-08-15 16:54:43,407 - __name__ - INFO - [SCRAPE_DEVPOST] Scraping page 49
2025-08-15 16:54:43,931 - __name__ - INFO - [SCRAPE_DEVPOST] Found 9 hackathons on this page
2025-08-15 16:54:43,931 - __name__ - INFO - [SCRAPE_DEVPOST] 441 hackathons scraped 

2025-08-15 16:54:44,937 - __name__ - INFO - [SCRAPE_DEVPOST] Scraping page 50
2025-08-15 16:54:45,471 - __name__ - INFO - [SCRAPE_DEVPOST] Found 9 hackathons on this page
2025-08-15 16:54:45,471 - __name__ - INFO - [SCRAPE_DEVPOST] 450 hackathons scraped 

2025-08-15 16:54:46,473 - __name__ - INFO - [SCRAPE_DEVPOST] Scraping page 51
2025-08-15 16:54:47,028 - __name__ - INFO - [SCRAPE_DEVPOST] Found 9 hackathons on this page
2025-08-15 16:54:47,029 - __name__ - INFO - [SCRAPE_DEVPOST] 459 hackathons scraped 

2025-08-15 16:54:48,034 - __name__ - INFO - [SCRAPE_DEVPOST] Scraping page 52
2025-08-15 16:54:48,538 - __name__ - INFO - [SCRAPE_DEVPOST] Found 9 hackathons on this page
2025-08-15 16:54:48,539 - __name__ - INFO - [SCRAPE_DEVPOST] 468 hackathons scraped 

2025-08-15 16:54:49,540 - __name__ - INFO - [SCRAPE_DEVPOST] Scraping page 53
2025-08-15 16:54:50,185 - __name__ - INFO - [SCRAPE_DEVPOST] Found 9 hackathons on this page
2025-08-15 16:54:50,185 - __name__ - INFO - [SCRAPE_DEVPOST] 477 hackathons scraped 

2025-08-15 16:54:51,186 - __name__ - INFO - [SCRAPE_DEVPOST] Scraping page 54
2025-08-15 16:54:51,713 - __name__ - INFO - [SCRAPE_DEVPOST] Found 9 hackathons on this page
2025-08-15 16:54:51,713 - __name__ - INFO - [SCRAPE_DEVPOST] 486 hackathons scraped 

2025-08-15 16:54:52,715 - __name__ - INFO - [SCRAPE_DEVPOST] Scraping page 55
2025-08-15 16:54:53,262 - __name__ - INFO - [SCRAPE_DEVPOST] Found 9 hackathons on this page
2025-08-15 16:54:53,263 - __name__ - INFO - [SCRAPE_DEVPOST] 495 hackathons scraped 

2025-08-15 16:54:54,265 - __name__ - INFO - [SCRAPE_DEVPOST] Scraping page 56
2025-08-15 16:54:54,800 - __name__ - INFO - [SCRAPE_DEVPOST] Found 9 hackathons on this page
2025-08-15 16:54:54,800 - __name__ - INFO - [SCRAPE_DEVPOST] 504 hackathons scraped 

2025-08-15 16:54:55,803 - __name__ - INFO - [SCRAPE_DEVPOST] Scraping page 57
2025-08-15 16:54:56,324 - __name__ - INFO - [SCRAPE_DEVPOST] Found 9 hackathons on this page
2025-08-15 16:54:56,324 - __name__ - INFO - [SCRAPE_DEVPOST] 513 hackathons scraped 

2025-08-15 16:54:57,328 - __name__ - INFO - [SCRAPE_DEVPOST] Scraping page 58
2025-08-15 16:54:57,957 - __name__ - INFO - [SCRAPE_DEVPOST] Found 9 hackathons on this page
2025-08-15 16:54:57,957 - __name__ - INFO - [SCRAPE_DEVPOST] 522 hackathons scraped 

2025-08-15 16:54:58,961 - __name__ - INFO - [SCRAPE_DEVPOST] Scraping page 59
2025-08-15 16:54:59,482 - __name__ - INFO - [SCRAPE_DEVPOST] Found 9 hackathons on this page
2025-08-15 16:54:59,482 - __name__ - INFO - [SCRAPE_DEVPOST] 531 hackathons scraped 

2025-08-15 16:55:00,487 - __name__ - INFO - [SCRAPE_DEVPOST] Scraping page 60
2025-08-15 16:55:01,012 - __name__ - INFO - [SCRAPE_DEVPOST] Found 9 hackathons on this page
2025-08-15 16:55:01,013 - __name__ - INFO - [SCRAPE_DEVPOST] 540 hackathons scraped 

2025-08-15 16:55:02,018 - __name__ - INFO - [SCRAPE_DEVPOST] Scraping page 61
2025-08-15 16:55:02,532 - __name__ - INFO - [SCRAPE_DEVPOST] Found 9 hackathons on this page
2025-08-15 16:55:02,532 - __name__ - INFO - [SCRAPE_DEVPOST] 549 hackathons scraped 

2025-08-15 16:55:03,537 - __name__ - INFO - [SCRAPE_DEVPOST] Scraping page 62
2025-08-15 16:55:04,097 - __name__ - INFO - [SCRAPE_DEVPOST] Found 9 hackathons on this page
2025-08-15 16:55:04,097 - __name__ - INFO - [SCRAPE_DEVPOST] 558 hackathons scraped 

2025-08-15 16:55:05,098 - __name__ - INFO - [SCRAPE_DEVPOST] Scraping page 63
2025-08-15 16:55:05,670 - __name__ - INFO - [SCRAPE_DEVPOST] Found 9 hackathons on this page
2025-08-15 16:55:05,670 - __name__ - INFO - [SCRAPE_DEVPOST] 567 hackathons scraped 

2025-08-15 16:55:06,674 - __name__ - INFO - [SCRAPE_DEVPOST] Scraping page 64
2025-08-15 16:55:07,201 - __name__ - INFO - [SCRAPE_DEVPOST] Found 9 hackathons on this page
2025-08-15 16:55:07,202 - __name__ - INFO - [SCRAPE_DEVPOST] 576 hackathons scraped 

2025-08-15 16:55:08,207 - __name__ - INFO - [SCRAPE_DEVPOST] Scraping page 65
2025-08-15 16:55:08,718 - __name__ - INFO - [SCRAPE_DEVPOST] Found 9 hackathons on this page
2025-08-15 16:55:08,718 - __name__ - INFO - [SCRAPE_DEVPOST] 585 hackathons scraped 

2025-08-15 16:55:09,723 - __name__ - INFO - [SCRAPE_DEVPOST] Scraping page 66
2025-08-15 16:55:10,296 - __name__ - INFO - [SCRAPE_DEVPOST] Found 9 hackathons on this page
2025-08-15 16:55:10,297 - __name__ - INFO - [SCRAPE_DEVPOST] 594 hackathons scraped 

2025-08-15 16:55:11,299 - __name__ - INFO - [SCRAPE_DEVPOST] Scraping page 67
2025-08-15 16:55:11,820 - __name__ - INFO - [SCRAPE_DEVPOST] Found 9 hackathons on this page
2025-08-15 16:55:11,821 - __name__ - INFO - [SCRAPE_DEVPOST] 603 hackathons scraped 

2025-08-15 16:55:12,825 - __name__ - INFO - [SCRAPE_DEVPOST] Scraping page 68
2025-08-15 16:55:13,371 - __name__ - INFO - [SCRAPE_DEVPOST] Found 9 hackathons on this page
2025-08-15 16:55:13,371 - __name__ - INFO - [SCRAPE_DEVPOST] 612 hackathons scraped 

2025-08-15 16:55:14,376 - __name__ - INFO - [SCRAPE_DEVPOST] Scraping page 69
2025-08-15 16:55:14,910 - __name__ - INFO - [SCRAPE_DEVPOST] Found 9 hackathons on this page
2025-08-15 16:55:14,910 - __name__ - INFO - [SCRAPE_DEVPOST] 621 hackathons scraped 

2025-08-15 16:55:15,911 - __name__ - INFO - [SCRAPE_DEVPOST] Scraping page 70
2025-08-15 16:55:16,425 - __name__ - INFO - [SCRAPE_DEVPOST] Found 9 hackathons on this page
2025-08-15 16:55:16,425 - __name__ - INFO - [SCRAPE_DEVPOST] 630 hackathons scraped 

2025-08-15 16:55:17,429 - __name__ - INFO - [SCRAPE_DEVPOST] Scraping page 71
2025-08-15 16:55:18,016 - __name__ - INFO - [SCRAPE_DEVPOST] Found 9 hackathons on this page
2025-08-15 16:55:18,020 - __name__ - INFO - [SCRAPE_DEVPOST] 639 hackathons scraped 

2025-08-15 16:55:19,023 - __name__ - INFO - [SCRAPE_DEVPOST] Scraping page 72
2025-08-15 16:55:19,564 - __name__ - INFO - [SCRAPE_DEVPOST] Found 9 hackathons on this page
2025-08-15 16:55:19,565 - __name__ - INFO - [SCRAPE_DEVPOST] 648 hackathons scraped 

2025-08-15 16:55:20,570 - __name__ - INFO - [SCRAPE_DEVPOST] Scraping page 73
2025-08-15 16:55:21,084 - __name__ - INFO - [SCRAPE_DEVPOST] Found 9 hackathons on this page
2025-08-15 16:55:21,084 - __name__ - INFO - [SCRAPE_DEVPOST] 657 hackathons scraped 

2025-08-15 16:55:22,090 - __name__ - INFO - [SCRAPE_DEVPOST] Scraping page 74
2025-08-15 16:55:22,629 - __name__ - INFO - [SCRAPE_DEVPOST] Found 9 hackathons on this page
2025-08-15 16:55:22,630 - __name__ - INFO - [SCRAPE_DEVPOST] 666 hackathons scraped 

2025-08-15 16:55:23,631 - __name__ - INFO - [SCRAPE_DEVPOST] Scraping page 75
2025-08-15 16:55:24,147 - __name__ - INFO - [SCRAPE_DEVPOST] Found 9 hackathons on this page
2025-08-15 16:55:24,148 - __name__ - INFO - [SCRAPE_DEVPOST] 675 hackathons scraped 

2025-08-15 16:55:25,151 - __name__ - INFO - [SCRAPE_DEVPOST] Scraping page 76
2025-08-15 16:55:25,701 - __name__ - INFO - [SCRAPE_DEVPOST] Found 9 hackathons on this page
2025-08-15 16:55:25,701 - __name__ - INFO - [SCRAPE_DEVPOST] 684 hackathons scraped 

2025-08-15 16:55:26,705 - __name__ - INFO - [SCRAPE_DEVPOST] Scraping page 77
2025-08-15 16:55:27,247 - __name__ - INFO - [SCRAPE_DEVPOST] Found 9 hackathons on this page
2025-08-15 16:55:27,247 - __name__ - INFO - [SCRAPE_DEVPOST] 693 hackathons scraped 

2025-08-15 16:55:28,253 - __name__ - INFO - [SCRAPE_DEVPOST] Scraping page 78
2025-08-15 16:55:28,780 - __name__ - INFO - [SCRAPE_DEVPOST] Found 9 hackathons on this page
2025-08-15 16:55:28,780 - __name__ - INFO - [SCRAPE_DEVPOST] 702 hackathons scraped 

2025-08-15 16:55:29,785 - __name__ - INFO - [SCRAPE_DEVPOST] Scraping page 79
2025-08-15 16:55:30,331 - __name__ - INFO - [SCRAPE_DEVPOST] Found 9 hackathons on this page
2025-08-15 16:55:30,331 - __name__ - INFO - [SCRAPE_DEVPOST] 711 hackathons scraped 

2025-08-15 16:55:31,335 - __name__ - INFO - [SCRAPE_DEVPOST] Scraping page 80
2025-08-15 16:55:31,864 - __name__ - INFO - [SCRAPE_DEVPOST] Found 9 hackathons on this page
2025-08-15 16:55:31,864 - __name__ - INFO - [SCRAPE_DEVPOST] 720 hackathons scraped 

2025-08-15 16:55:32,867 - __name__ - INFO - [SCRAPE_DEVPOST] Scraping page 81
2025-08-15 16:55:33,391 - __name__ - INFO - [SCRAPE_DEVPOST] Found 9 hackathons on this page
2025-08-15 16:55:33,392 - __name__ - INFO - [SCRAPE_DEVPOST] 729 hackathons scraped 

2025-08-15 16:55:34,394 - __name__ - INFO - [SCRAPE_DEVPOST] Scraping page 82
2025-08-15 16:55:35,216 - __name__ - INFO - [SCRAPE_DEVPOST] Found 9 hackathons on this page
2025-08-15 16:55:35,216 - __name__ - INFO - [SCRAPE_DEVPOST] 738 hackathons scraped 

2025-08-15 16:55:36,220 - __name__ - INFO - [SCRAPE_DEVPOST] Scraping page 83
2025-08-15 16:55:36,749 - __name__ - INFO - [SCRAPE_DEVPOST] Found 9 hackathons on this page
2025-08-15 16:55:36,749 - __name__ - INFO - [SCRAPE_DEVPOST] 747 hackathons scraped 

2025-08-15 16:55:37,754 - __name__ - INFO - [SCRAPE_DEVPOST] Scraping page 84
2025-08-15 16:55:38,274 - __name__ - INFO - [SCRAPE_DEVPOST] Found 9 hackathons on this page
2025-08-15 16:55:38,275 - __name__ - INFO - [SCRAPE_DEVPOST] 756 hackathons scraped 

2025-08-15 16:55:39,275 - __name__ - INFO - [SCRAPE_DEVPOST] Scraping page 85
2025-08-15 16:55:39,783 - __name__ - INFO - [SCRAPE_DEVPOST] Found 9 hackathons on this page
2025-08-15 16:55:39,783 - __name__ - INFO - [SCRAPE_DEVPOST] 765 hackathons scraped 

2025-08-15 16:55:40,788 - __name__ - INFO - [SCRAPE_DEVPOST] Scraping page 86
2025-08-15 16:55:41,318 - __name__ - INFO - [SCRAPE_DEVPOST] Found 9 hackathons on this page
2025-08-15 16:55:41,318 - __name__ - INFO - [SCRAPE_DEVPOST] 774 hackathons scraped 

2025-08-15 16:55:42,324 - __name__ - INFO - [SCRAPE_DEVPOST] Scraping page 87
2025-08-15 16:55:42,882 - __name__ - INFO - [SCRAPE_DEVPOST] Found 9 hackathons on this page
2025-08-15 16:55:42,882 - __name__ - INFO - [SCRAPE_DEVPOST] 783 hackathons scraped 

2025-08-15 16:55:43,887 - __name__ - INFO - [SCRAPE_DEVPOST] Scraping page 88
2025-08-15 16:55:44,448 - __name__ - INFO - [SCRAPE_DEVPOST] Found 9 hackathons on this page
2025-08-15 16:55:44,448 - __name__ - INFO - [SCRAPE_DEVPOST] 792 hackathons scraped 

2025-08-15 16:55:45,453 - __name__ - INFO - [SCRAPE_DEVPOST] Scraping page 89
2025-08-15 16:55:45,969 - __name__ - INFO - [SCRAPE_DEVPOST] Found 9 hackathons on this page
2025-08-15 16:55:45,969 - __name__ - INFO - [SCRAPE_DEVPOST] 801 hackathons scraped 

2025-08-15 16:55:46,974 - __name__ - INFO - [SCRAPE_DEVPOST] Scraping page 90
2025-08-15 16:55:47,493 - __name__ - INFO - [SCRAPE_DEVPOST] Found 9 hackathons on this page
2025-08-15 16:55:47,493 - __name__ - INFO - [SCRAPE_DEVPOST] 810 hackathons scraped 

2025-08-15 16:55:48,497 - __name__ - INFO - [SCRAPE_DEVPOST] Scraping page 91
2025-08-15 16:55:49,028 - __name__ - INFO - [SCRAPE_DEVPOST] Found 9 hackathons on this page
2025-08-15 16:55:49,028 - __name__ - INFO - [SCRAPE_DEVPOST] 819 hackathons scraped 

2025-08-15 16:55:50,032 - __name__ - INFO - [SCRAPE_DEVPOST] Scraping page 92
2025-08-15 16:55:50,546 - __name__ - INFO - [SCRAPE_DEVPOST] Found 9 hackathons on this page
2025-08-15 16:55:50,546 - __name__ - INFO - [SCRAPE_DEVPOST] 828 hackathons scraped 

2025-08-15 16:55:51,549 - __name__ - INFO - [SCRAPE_DEVPOST] Scraping page 93
2025-08-15 16:55:52,064 - __name__ - INFO - [SCRAPE_DEVPOST] Found 9 hackathons on this page
2025-08-15 16:55:52,064 - __name__ - INFO - [SCRAPE_DEVPOST] 837 hackathons scraped 

2025-08-15 16:55:53,069 - __name__ - INFO - [SCRAPE_DEVPOST] Scraping page 94
2025-08-15 16:55:53,771 - __name__ - INFO - [SCRAPE_DEVPOST] Found 9 hackathons on this page
2025-08-15 16:55:53,771 - __name__ - INFO - [SCRAPE_DEVPOST] 846 hackathons scraped 

2025-08-15 16:55:54,775 - __name__ - INFO - [SCRAPE_DEVPOST] Scraping page 95
2025-08-15 16:55:55,298 - __name__ - INFO - [SCRAPE_DEVPOST] Found 9 hackathons on this page
2025-08-15 16:55:55,298 - __name__ - INFO - [SCRAPE_DEVPOST] 855 hackathons scraped 

2025-08-15 16:55:56,302 - __name__ - INFO - [SCRAPE_DEVPOST] Scraping page 96
2025-08-15 16:55:56,821 - __name__ - INFO - [SCRAPE_DEVPOST] Found 9 hackathons on this page
2025-08-15 16:55:56,821 - __name__ - INFO - [SCRAPE_DEVPOST] 864 hackathons scraped 

2025-08-15 16:55:57,823 - __name__ - INFO - [SCRAPE_DEVPOST] Scraping page 97
2025-08-15 16:55:58,351 - __name__ - INFO - [SCRAPE_DEVPOST] Found 9 hackathons on this page
2025-08-15 16:55:58,352 - __name__ - INFO - [SCRAPE_DEVPOST] 873 hackathons scraped 

2025-08-15 16:55:59,356 - __name__ - INFO - [SCRAPE_DEVPOST] Scraping page 98
2025-08-15 16:55:59,879 - __name__ - INFO - [SCRAPE_DEVPOST] Found 9 hackathons on this page
2025-08-15 16:55:59,879 - __name__ - INFO - [SCRAPE_DEVPOST] 882 hackathons scraped 

2025-08-15 16:56:00,882 - __name__ - INFO - [SCRAPE_DEVPOST] Scraping page 99
2025-08-15 16:56:01,440 - __name__ - INFO - [SCRAPE_DEVPOST] Found 9 hackathons on this page
2025-08-15 16:56:01,441 - __name__ - INFO - [SCRAPE_DEVPOST] 891 hackathons scraped 

2025-08-15 16:56:02,443 - __name__ - INFO - [SCRAPE_DEVPOST] Scraping page 100
2025-08-15 16:56:02,959 - __name__ - INFO - [SCRAPE_DEVPOST] Found 9 hackathons on this page
2025-08-15 16:56:02,959 - __name__ - INFO - [SCRAPE_DEVPOST] 900 hackathons scraped 

2025-08-15 16:56:03,962 - __name__ - INFO - [SCRAPE_DEVPOST] Scraping page 101
2025-08-15 16:56:04,467 - __name__ - INFO - [SCRAPE_DEVPOST] Found 9 hackathons on this page
2025-08-15 16:56:04,467 - __name__ - INFO - [SCRAPE_DEVPOST] 909 hackathons scraped 

2025-08-15 16:56:05,471 - __name__ - INFO - [SCRAPE_DEVPOST] Scraping page 102
2025-08-15 16:56:06,040 - __name__ - INFO - [SCRAPE_DEVPOST] Found 9 hackathons on this page
2025-08-15 16:56:06,040 - __name__ - INFO - [SCRAPE_DEVPOST] 918 hackathons scraped 

2025-08-15 16:56:07,046 - __name__ - INFO - [SCRAPE_DEVPOST] Scraping page 103
2025-08-15 16:56:07,588 - __name__ - INFO - [SCRAPE_DEVPOST] Found 9 hackathons on this page
2025-08-15 16:56:07,588 - __name__ - INFO - [SCRAPE_DEVPOST] 927 hackathons scraped 

2025-08-15 16:56:08,591 - __name__ - INFO - [SCRAPE_DEVPOST] Scraping page 104
2025-08-15 16:56:09,102 - __name__ - INFO - [SCRAPE_DEVPOST] Found 9 hackathons on this page
2025-08-15 16:56:09,103 - __name__ - INFO - [SCRAPE_DEVPOST] 936 hackathons scraped 

2025-08-15 16:56:10,108 - __name__ - INFO - [SCRAPE_DEVPOST] Scraping page 105
2025-08-15 16:56:10,628 - __name__ - INFO - [SCRAPE_DEVPOST] Found 9 hackathons on this page
2025-08-15 16:56:10,628 - __name__ - INFO - [SCRAPE_DEVPOST] 945 hackathons scraped 

2025-08-15 16:56:11,634 - __name__ - INFO - [SCRAPE_DEVPOST] Scraping page 106
2025-08-15 16:56:12,138 - __name__ - INFO - [SCRAPE_DEVPOST] Found 9 hackathons on this page
2025-08-15 16:56:12,138 - __name__ - INFO - [SCRAPE_DEVPOST] 954 hackathons scraped 

2025-08-15 16:56:13,143 - __name__ - INFO - [SCRAPE_DEVPOST] Scraping page 107
2025-08-15 16:56:13,659 - __name__ - INFO - [SCRAPE_DEVPOST] Found 9 hackathons on this page
2025-08-15 16:56:13,660 - __name__ - INFO - [SCRAPE_DEVPOST] 963 hackathons scraped 

2025-08-15 16:56:14,660 - __name__ - INFO - [SCRAPE_DEVPOST] Scraping page 108
2025-08-15 16:56:15,223 - __name__ - INFO - [SCRAPE_DEVPOST] Found 9 hackathons on this page
2025-08-15 16:56:15,223 - __name__ - INFO - [SCRAPE_DEVPOST] 972 hackathons scraped 

2025-08-15 16:56:16,228 - __name__ - INFO - [SCRAPE_DEVPOST] Scraping page 109
2025-08-15 16:56:16,755 - __name__ - INFO - [SCRAPE_DEVPOST] Found 9 hackathons on this page
2025-08-15 16:56:16,755 - __name__ - INFO - [SCRAPE_DEVPOST] 981 hackathons scraped 

2025-08-15 16:56:17,757 - __name__ - INFO - [SCRAPE_DEVPOST] Scraping page 110
2025-08-15 16:56:18,327 - __name__ - INFO - [SCRAPE_DEVPOST] Found 9 hackathons on this page
2025-08-15 16:56:18,328 - __name__ - INFO - [SCRAPE_DEVPOST] 990 hackathons scraped 

2025-08-15 16:56:19,333 - __name__ - INFO - [SCRAPE_DEVPOST] Scraping page 111
2025-08-15 16:56:19,868 - __name__ - INFO - [SCRAPE_DEVPOST] Found 9 hackathons on this page
2025-08-15 16:56:19,868 - __name__ - INFO - [SCRAPE_DEVPOST] 999 hackathons scraped 

2025-08-15 16:56:20,869 - __name__ - INFO - [SCRAPE_DEVPOST] Scraping page 112
2025-08-15 16:56:21,385 - __name__ - INFO - [SCRAPE_DEVPOST] Found 9 hackathons on this page
2025-08-15 16:56:21,386 - __name__ - INFO - [SCRAPE_DEVPOST] 1008 hackathons scraped 

2025-08-15 16:56:22,390 - __name__ - INFO - [SCRAPE_DEVPOST] Scraping page 113
2025-08-15 16:56:22,905 - __name__ - INFO - [SCRAPE_DEVPOST] Found 9 hackathons on this page
2025-08-15 16:56:22,905 - __name__ - INFO - [SCRAPE_DEVPOST] 1017 hackathons scraped 

2025-08-15 16:56:23,910 - __name__ - INFO - [SCRAPE_DEVPOST] Scraping page 114
2025-08-15 16:56:24,445 - __name__ - INFO - [SCRAPE_DEVPOST] Found 9 hackathons on this page
2025-08-15 16:56:24,445 - __name__ - INFO - [SCRAPE_DEVPOST] 1026 hackathons scraped 

2025-08-15 16:56:25,449 - __name__ - INFO - [SCRAPE_DEVPOST] Scraping page 115
2025-08-15 16:56:25,970 - __name__ - INFO - [SCRAPE_DEVPOST] Found 9 hackathons on this page
2025-08-15 16:56:25,970 - __name__ - INFO - [SCRAPE_DEVPOST] 1035 hackathons scraped 

2025-08-15 16:56:26,975 - __name__ - INFO - [SCRAPE_DEVPOST] Scraping page 116
2025-08-15 16:56:27,498 - __name__ - INFO - [SCRAPE_DEVPOST] Found 9 hackathons on this page
2025-08-15 16:56:27,498 - __name__ - INFO - [SCRAPE_DEVPOST] 1044 hackathons scraped 

2025-08-15 16:56:28,503 - __name__ - INFO - [SCRAPE_DEVPOST] Scraping page 117
2025-08-15 16:56:29,065 - __name__ - INFO - [SCRAPE_DEVPOST] Found 9 hackathons on this page
2025-08-15 16:56:29,066 - __name__ - INFO - [SCRAPE_DEVPOST] 1053 hackathons scraped 

2025-08-15 16:56:30,071 - __name__ - INFO - [SCRAPE_DEVPOST] Scraping page 118
2025-08-15 16:56:30,608 - __name__ - INFO - [SCRAPE_DEVPOST] Found 9 hackathons on this page
2025-08-15 16:56:30,608 - __name__ - INFO - [SCRAPE_DEVPOST] 1062 hackathons scraped 

2025-08-15 16:56:31,613 - __name__ - INFO - [SCRAPE_DEVPOST] Scraping page 119
2025-08-15 16:56:32,127 - __name__ - INFO - [SCRAPE_DEVPOST] Found 9 hackathons on this page
2025-08-15 16:56:32,127 - __name__ - INFO - [SCRAPE_DEVPOST] 1071 hackathons scraped 

2025-08-15 16:56:33,132 - __name__ - INFO - [SCRAPE_DEVPOST] Scraping page 120
2025-08-15 16:56:33,645 - __name__ - INFO - [SCRAPE_DEVPOST] Found 9 hackathons on this page
2025-08-15 16:56:33,645 - __name__ - INFO - [SCRAPE_DEVPOST] 1080 hackathons scraped 

2025-08-15 16:56:34,653 - __name__ - INFO - [SCRAPE_DEVPOST] Scraping page 121
2025-08-15 16:56:36,018 - __name__ - INFO - [SCRAPE_DEVPOST] Found 9 hackathons on this page
2025-08-15 16:56:36,018 - __name__ - INFO - [SCRAPE_DEVPOST] 1089 hackathons scraped 

2025-08-15 16:56:37,023 - __name__ - INFO - [SCRAPE_DEVPOST] Scraping page 122
2025-08-15 16:56:38,127 - __name__ - INFO - [SCRAPE_DEVPOST] Found 9 hackathons on this page
2025-08-15 16:56:38,127 - __name__ - INFO - [SCRAPE_DEVPOST] 1098 hackathons scraped 

2025-08-15 16:56:39,128 - __name__ - INFO - [SCRAPE_DEVPOST] Scraping page 123
2025-08-15 16:56:40,110 - __name__ - INFO - [SCRAPE_DEVPOST] Found 9 hackathons on this page
2025-08-15 16:56:40,110 - __name__ - INFO - [SCRAPE_DEVPOST] 1107 hackathons scraped 

2025-08-15 16:56:41,113 - __name__ - INFO - [SCRAPE_DEVPOST] Scraping page 124
2025-08-15 16:56:41,718 - __name__ - INFO - [SCRAPE_DEVPOST] Found 9 hackathons on this page
2025-08-15 16:56:41,718 - __name__ - INFO - [SCRAPE_DEVPOST] 1116 hackathons scraped 

2025-08-15 16:56:42,721 - __name__ - INFO - [SCRAPE_DEVPOST] Scraping page 125
2025-08-15 16:56:43,233 - __name__ - INFO - [SCRAPE_DEVPOST] Found 9 hackathons on this page
2025-08-15 16:56:43,233 - __name__ - INFO - [SCRAPE_DEVPOST] 1125 hackathons scraped 

2025-08-15 16:56:44,237 - __name__ - INFO - [SCRAPE_DEVPOST] Scraping page 126
2025-08-15 16:56:44,769 - __name__ - INFO - [SCRAPE_DEVPOST] Found 9 hackathons on this page
2025-08-15 16:56:44,770 - __name__ - INFO - [SCRAPE_DEVPOST] 1134 hackathons scraped 

2025-08-15 16:56:45,772 - __name__ - INFO - [SCRAPE_DEVPOST] Scraping page 127
2025-08-15 16:56:46,304 - __name__ - INFO - [SCRAPE_DEVPOST] Found 9 hackathons on this page
2025-08-15 16:56:46,305 - __name__ - INFO - [SCRAPE_DEVPOST] 1143 hackathons scraped 

2025-08-15 16:56:47,310 - __name__ - INFO - [SCRAPE_DEVPOST] Scraping page 128
2025-08-15 16:56:47,937 - __name__ - INFO - [SCRAPE_DEVPOST] Found 9 hackathons on this page
2025-08-15 16:56:47,937 - __name__ - INFO - [SCRAPE_DEVPOST] 1152 hackathons scraped 

2025-08-15 16:56:48,942 - __name__ - INFO - [SCRAPE_DEVPOST] Scraping page 129
2025-08-15 16:56:49,511 - __name__ - INFO - [SCRAPE_DEVPOST] Found 9 hackathons on this page
2025-08-15 16:56:49,512 - __name__ - INFO - [SCRAPE_DEVPOST] 1161 hackathons scraped 

2025-08-15 16:56:50,517 - __name__ - INFO - [SCRAPE_DEVPOST] Scraping page 130
2025-08-15 16:56:51,087 - __name__ - INFO - [SCRAPE_DEVPOST] Found 9 hackathons on this page
2025-08-15 16:56:51,087 - __name__ - INFO - [SCRAPE_DEVPOST] 1170 hackathons scraped 

2025-08-15 16:56:52,090 - __name__ - INFO - [SCRAPE_DEVPOST] Scraping page 131
2025-08-15 16:56:52,610 - __name__ - INFO - [SCRAPE_DEVPOST] Found 9 hackathons on this page
2025-08-15 16:56:52,610 - __name__ - INFO - [SCRAPE_DEVPOST] 1179 hackathons scraped 

2025-08-15 16:56:53,615 - __name__ - INFO - [SCRAPE_DEVPOST] Scraping page 132
2025-08-15 16:56:54,173 - __name__ - INFO - [SCRAPE_DEVPOST] Found 9 hackathons on this page
2025-08-15 16:56:54,173 - __name__ - INFO - [SCRAPE_DEVPOST] 1188 hackathons scraped 

2025-08-15 16:56:55,178 - __name__ - INFO - [SCRAPE_DEVPOST] Scraping page 133
2025-08-15 16:56:55,742 - __name__ - INFO - [SCRAPE_DEVPOST] Found 9 hackathons on this page
2025-08-15 16:56:55,743 - __name__ - INFO - [SCRAPE_DEVPOST] 1197 hackathons scraped 

2025-08-15 16:56:56,748 - __name__ - INFO - [SCRAPE_DEVPOST] Scraping page 134
2025-08-15 16:56:57,323 - __name__ - INFO - [SCRAPE_DEVPOST] Found 9 hackathons on this page
2025-08-15 16:56:57,323 - __name__ - INFO - [SCRAPE_DEVPOST] 1206 hackathons scraped 

2025-08-15 16:56:58,327 - __name__ - INFO - [SCRAPE_DEVPOST] Scraping page 135
2025-08-15 16:56:58,889 - __name__ - INFO - [SCRAPE_DEVPOST] Found 9 hackathons on this page
2025-08-15 16:56:58,889 - __name__ - INFO - [SCRAPE_DEVPOST] 1215 hackathons scraped 

2025-08-15 16:56:59,894 - __name__ - INFO - [SCRAPE_DEVPOST] Scraping page 136
2025-08-15 16:57:00,528 - __name__ - INFO - [SCRAPE_DEVPOST] Found 9 hackathons on this page
2025-08-15 16:57:00,528 - __name__ - INFO - [SCRAPE_DEVPOST] 1224 hackathons scraped 

2025-08-15 16:57:01,533 - __name__ - INFO - [SCRAPE_DEVPOST] Scraping page 137
2025-08-15 16:57:02,112 - __name__ - INFO - [SCRAPE_DEVPOST] Found 9 hackathons on this page
2025-08-15 16:57:02,112 - __name__ - INFO - [SCRAPE_DEVPOST] 1233 hackathons scraped 

2025-08-15 16:57:03,114 - __name__ - INFO - [SCRAPE_DEVPOST] Scraping page 138
2025-08-15 16:57:03,655 - __name__ - INFO - [SCRAPE_DEVPOST] Found 9 hackathons on this page
2025-08-15 16:57:03,655 - __name__ - INFO - [SCRAPE_DEVPOST] 1242 hackathons scraped 

2025-08-15 16:57:04,657 - __name__ - INFO - [SCRAPE_DEVPOST] Scraping page 139
2025-08-15 16:57:05,201 - __name__ - INFO - [SCRAPE_DEVPOST] Found 9 hackathons on this page
2025-08-15 16:57:05,201 - __name__ - INFO - [SCRAPE_DEVPOST] 1251 hackathons scraped 

2025-08-15 16:57:06,203 - __name__ - INFO - [SCRAPE_DEVPOST] Scraping page 140
2025-08-15 16:57:06,758 - __name__ - INFO - [SCRAPE_DEVPOST] Found 9 hackathons on this page
2025-08-15 16:57:06,758 - __name__ - INFO - [SCRAPE_DEVPOST] 1260 hackathons scraped 

2025-08-15 16:57:07,761 - __name__ - INFO - [SCRAPE_DEVPOST] Scraping page 141
2025-08-15 16:57:08,321 - __name__ - INFO - [SCRAPE_DEVPOST] Found 9 hackathons on this page
2025-08-15 16:57:08,321 - __name__ - INFO - [SCRAPE_DEVPOST] 1269 hackathons scraped 

2025-08-15 16:57:09,324 - __name__ - INFO - [SCRAPE_DEVPOST] Scraping page 142
2025-08-15 16:57:09,900 - __name__ - INFO - [SCRAPE_DEVPOST] Found 9 hackathons on this page
2025-08-15 16:57:09,900 - __name__ - INFO - [SCRAPE_DEVPOST] 1278 hackathons scraped 

2025-08-15 16:57:10,901 - __name__ - INFO - [SCRAPE_DEVPOST] Scraping page 143
2025-08-15 16:57:11,513 - __name__ - INFO - [SCRAPE_DEVPOST] Found 9 hackathons on this page
2025-08-15 16:57:11,513 - __name__ - INFO - [SCRAPE_DEVPOST] 1287 hackathons scraped 

2025-08-15 16:57:12,518 - __name__ - INFO - [SCRAPE_DEVPOST] Scraping page 144
2025-08-15 16:57:13,428 - __name__ - INFO - [SCRAPE_DEVPOST] Found 9 hackathons on this page
2025-08-15 16:57:13,428 - __name__ - INFO - [SCRAPE_DEVPOST] 1296 hackathons scraped 

2025-08-15 16:57:14,433 - __name__ - INFO - [SCRAPE_DEVPOST] Scraping page 145
2025-08-15 16:57:15,145 - __name__ - INFO - [SCRAPE_DEVPOST] Found 9 hackathons on this page
2025-08-15 16:57:15,145 - __name__ - INFO - [SCRAPE_DEVPOST] 1305 hackathons scraped 

2025-08-15 16:57:16,150 - __name__ - INFO - [SCRAPE_DEVPOST] Scraping page 146
2025-08-15 16:57:16,753 - __name__ - INFO - [SCRAPE_DEVPOST] Found 9 hackathons on this page
2025-08-15 16:57:16,753 - __name__ - INFO - [SCRAPE_DEVPOST] 1314 hackathons scraped 

2025-08-15 16:57:17,756 - __name__ - INFO - [SCRAPE_DEVPOST] Scraping page 147
2025-08-15 16:57:18,303 - __name__ - INFO - [SCRAPE_DEVPOST] Found 9 hackathons on this page
2025-08-15 16:57:18,303 - __name__ - INFO - [SCRAPE_DEVPOST] 1323 hackathons scraped 

2025-08-15 16:57:19,308 - __name__ - INFO - [SCRAPE_DEVPOST] Scraping page 148
2025-08-15 16:57:19,869 - __name__ - INFO - [SCRAPE_DEVPOST] Found 9 hackathons on this page
2025-08-15 16:57:19,870 - __name__ - INFO - [SCRAPE_DEVPOST] 1332 hackathons scraped 

2025-08-15 16:57:20,873 - __name__ - INFO - [SCRAPE_DEVPOST] Scraping page 149
2025-08-15 16:57:21,468 - __name__ - INFO - [SCRAPE_DEVPOST] Found 9 hackathons on this page
2025-08-15 16:57:21,469 - __name__ - INFO - [SCRAPE_DEVPOST] 1341 hackathons scraped 

2025-08-15 16:57:22,473 - __name__ - INFO - [SCRAPE_DEVPOST] Scraping page 150
2025-08-15 16:57:23,022 - __name__ - INFO - [SCRAPE_DEVPOST] Found 9 hackathons on this page
2025-08-15 16:57:23,022 - __name__ - INFO - [SCRAPE_DEVPOST] 1350 hackathons scraped 

2025-08-15 16:57:24,028 - __name__ - INFO - [SCRAPE_DEVPOST] Scraping page 151
2025-08-15 16:57:24,581 - __name__ - INFO - [SCRAPE_DEVPOST] Found 9 hackathons on this page
2025-08-15 16:57:24,582 - __name__ - INFO - [SCRAPE_DEVPOST] 1359 hackathons scraped 

2025-08-15 16:57:25,585 - __name__ - INFO - [SCRAPE_DEVPOST] Scraping page 152
2025-08-15 16:57:26,164 - __name__ - INFO - [SCRAPE_DEVPOST] Found 9 hackathons on this page
2025-08-15 16:57:26,164 - __name__ - INFO - [SCRAPE_DEVPOST] 1368 hackathons scraped 

2025-08-15 16:57:27,168 - __name__ - INFO - [SCRAPE_DEVPOST] Scraping page 153
2025-08-15 16:57:27,746 - __name__ - INFO - [SCRAPE_DEVPOST] Found 9 hackathons on this page
2025-08-15 16:57:27,746 - __name__ - INFO - [SCRAPE_DEVPOST] 1377 hackathons scraped 

2025-08-15 16:57:28,749 - __name__ - INFO - [SCRAPE_DEVPOST] Scraping page 154
2025-08-15 16:57:29,300 - __name__ - INFO - [SCRAPE_DEVPOST] Found 9 hackathons on this page
2025-08-15 16:57:29,300 - __name__ - INFO - [SCRAPE_DEVPOST] 1386 hackathons scraped 

2025-08-15 16:57:30,306 - __name__ - INFO - [SCRAPE_DEVPOST] Scraping page 155
2025-08-15 16:57:30,870 - __name__ - INFO - [SCRAPE_DEVPOST] Found 9 hackathons on this page
2025-08-15 16:57:30,870 - __name__ - INFO - [SCRAPE_DEVPOST] 1395 hackathons scraped 

2025-08-15 16:57:31,875 - __name__ - INFO - [SCRAPE_DEVPOST] Scraping page 156
2025-08-15 16:57:32,453 - __name__ - INFO - [SCRAPE_DEVPOST] Found 9 hackathons on this page
2025-08-15 16:57:32,453 - __name__ - INFO - [SCRAPE_DEVPOST] 1404 hackathons scraped 

2025-08-15 16:57:33,458 - __name__ - INFO - [SCRAPE_DEVPOST] Scraping page 157
2025-08-15 16:57:34,138 - __name__ - INFO - [SCRAPE_DEVPOST] Found 9 hackathons on this page
2025-08-15 16:57:34,138 - __name__ - INFO - [SCRAPE_DEVPOST] 1413 hackathons scraped 

2025-08-15 16:57:35,142 - __name__ - INFO - [SCRAPE_DEVPOST] Scraping page 158
2025-08-15 16:57:35,696 - __name__ - INFO - [SCRAPE_DEVPOST] Found 9 hackathons on this page
2025-08-15 16:57:35,696 - __name__ - INFO - [SCRAPE_DEVPOST] 1422 hackathons scraped 

2025-08-15 16:57:36,701 - __name__ - INFO - [SCRAPE_DEVPOST] Scraping page 159
2025-08-15 16:57:37,496 - __name__ - INFO - [SCRAPE_DEVPOST] Found 9 hackathons on this page
2025-08-15 16:57:37,496 - __name__ - INFO - [SCRAPE_DEVPOST] 1431 hackathons scraped 

2025-08-15 16:57:38,500 - __name__ - INFO - [SCRAPE_DEVPOST] Scraping page 160
2025-08-15 16:57:39,020 - __name__ - INFO - [SCRAPE_DEVPOST] Found 9 hackathons on this page
2025-08-15 16:57:39,020 - __name__ - INFO - [SCRAPE_DEVPOST] 1440 hackathons scraped 

2025-08-15 16:57:40,024 - __name__ - INFO - [SCRAPE_DEVPOST] Scraping page 161
2025-08-15 16:57:40,572 - __name__ - INFO - [SCRAPE_DEVPOST] Found 9 hackathons on this page
2025-08-15 16:57:40,572 - __name__ - INFO - [SCRAPE_DEVPOST] 1449 hackathons scraped 

2025-08-15 16:57:41,577 - __name__ - INFO - [SCRAPE_DEVPOST] Scraping page 162
2025-08-15 16:57:42,118 - __name__ - INFO - [SCRAPE_DEVPOST] Found 9 hackathons on this page
2025-08-15 16:57:42,118 - __name__ - INFO - [SCRAPE_DEVPOST] 1458 hackathons scraped 

2025-08-15 16:57:43,122 - __name__ - INFO - [SCRAPE_DEVPOST] Scraping page 163
2025-08-15 16:57:43,651 - __name__ - INFO - [SCRAPE_DEVPOST] Found 9 hackathons on this page
2025-08-15 16:57:43,651 - __name__ - INFO - [SCRAPE_DEVPOST] 1467 hackathons scraped 

2025-08-15 16:57:44,653 - __name__ - INFO - [SCRAPE_DEVPOST] Scraping page 164
2025-08-15 16:57:45,222 - __name__ - INFO - [SCRAPE_DEVPOST] Found 9 hackathons on this page
2025-08-15 16:57:45,222 - __name__ - INFO - [SCRAPE_DEVPOST] 1476 hackathons scraped 

2025-08-15 16:57:46,227 - __name__ - INFO - [SCRAPE_DEVPOST] Scraping page 165
2025-08-15 16:57:46,751 - __name__ - INFO - [SCRAPE_DEVPOST] Found 9 hackathons on this page
2025-08-15 16:57:46,751 - __name__ - INFO - [SCRAPE_DEVPOST] 1485 hackathons scraped 

2025-08-15 16:57:47,756 - __name__ - INFO - [SCRAPE_DEVPOST] Scraping page 166
2025-08-15 16:57:48,451 - __name__ - INFO - [SCRAPE_DEVPOST] Found 9 hackathons on this page
2025-08-15 16:57:48,451 - __name__ - INFO - [SCRAPE_DEVPOST] 1494 hackathons scraped 

2025-08-15 16:57:49,453 - __name__ - INFO - [SCRAPE_DEVPOST] Scraping page 167
2025-08-15 16:57:50,013 - __name__ - INFO - [SCRAPE_DEVPOST] Found 9 hackathons on this page
2025-08-15 16:57:50,013 - __name__ - INFO - [SCRAPE_DEVPOST] 1503 hackathons scraped 

2025-08-15 16:57:51,019 - __name__ - INFO - [SCRAPE_DEVPOST] Scraping page 168
2025-08-15 16:57:51,619 - __name__ - INFO - [SCRAPE_DEVPOST] Found 9 hackathons on this page
2025-08-15 16:57:51,619 - __name__ - INFO - [SCRAPE_DEVPOST] 1512 hackathons scraped 

2025-08-15 16:57:52,621 - __name__ - INFO - [SCRAPE_DEVPOST] Scraping page 169
2025-08-15 16:57:53,169 - __name__ - INFO - [SCRAPE_DEVPOST] Found 9 hackathons on this page
2025-08-15 16:57:53,169 - __name__ - INFO - [SCRAPE_DEVPOST] 1521 hackathons scraped 

2025-08-15 16:57:54,174 - __name__ - INFO - [SCRAPE_DEVPOST] Scraping page 170
2025-08-15 16:57:54,724 - __name__ - INFO - [SCRAPE_DEVPOST] Found 9 hackathons on this page
2025-08-15 16:57:54,724 - __name__ - INFO - [SCRAPE_DEVPOST] 1530 hackathons scraped 

2025-08-15 16:57:55,728 - __name__ - INFO - [SCRAPE_DEVPOST] Scraping page 171
2025-08-15 16:57:56,281 - __name__ - INFO - [SCRAPE_DEVPOST] Found 9 hackathons on this page
2025-08-15 16:57:56,281 - __name__ - INFO - [SCRAPE_DEVPOST] 1539 hackathons scraped 

2025-08-15 16:57:57,285 - __name__ - INFO - [SCRAPE_DEVPOST] Scraping page 172
2025-08-15 16:57:57,867 - __name__ - INFO - [SCRAPE_DEVPOST] Found 9 hackathons on this page
2025-08-15 16:57:57,867 - __name__ - INFO - [SCRAPE_DEVPOST] 1548 hackathons scraped 

2025-08-15 16:57:58,872 - __name__ - INFO - [SCRAPE_DEVPOST] Scraping page 173
2025-08-15 16:57:59,431 - __name__ - INFO - [SCRAPE_DEVPOST] Found 9 hackathons on this page
2025-08-15 16:57:59,432 - __name__ - INFO - [SCRAPE_DEVPOST] 1557 hackathons scraped 

2025-08-15 16:58:00,436 - __name__ - INFO - [SCRAPE_DEVPOST] Scraping page 174
2025-08-15 16:58:01,001 - __name__ - INFO - [SCRAPE_DEVPOST] Found 9 hackathons on this page
2025-08-15 16:58:01,001 - __name__ - INFO - [SCRAPE_DEVPOST] 1566 hackathons scraped 

2025-08-15 16:58:02,006 - __name__ - INFO - [SCRAPE_DEVPOST] Scraping page 175
2025-08-15 16:58:02,568 - __name__ - INFO - [SCRAPE_DEVPOST] Found 9 hackathons on this page
2025-08-15 16:58:02,568 - __name__ - INFO - [SCRAPE_DEVPOST] 1575 hackathons scraped 

2025-08-15 16:58:03,573 - __name__ - INFO - [SCRAPE_DEVPOST] Scraping page 176
2025-08-15 16:58:04,122 - __name__ - INFO - [SCRAPE_DEVPOST] Found 9 hackathons on this page
2025-08-15 16:58:04,122 - __name__ - INFO - [SCRAPE_DEVPOST] 1584 hackathons scraped 

2025-08-15 16:58:05,126 - __name__ - INFO - [SCRAPE_DEVPOST] Scraping page 177
2025-08-15 16:58:05,680 - __name__ - INFO - [SCRAPE_DEVPOST] Found 9 hackathons on this page
2025-08-15 16:58:05,681 - __name__ - INFO - [SCRAPE_DEVPOST] 1593 hackathons scraped 

2025-08-15 16:58:06,686 - __name__ - INFO - [SCRAPE_DEVPOST] Scraping page 178
2025-08-15 16:58:07,221 - __name__ - INFO - [SCRAPE_DEVPOST] Found 9 hackathons on this page
2025-08-15 16:58:07,221 - __name__ - INFO - [SCRAPE_DEVPOST] 1602 hackathons scraped 

2025-08-15 16:58:08,221 - __name__ - INFO - [SCRAPE_DEVPOST] Scraping page 179
2025-08-15 16:58:08,761 - __name__ - INFO - [SCRAPE_DEVPOST] Found 9 hackathons on this page
2025-08-15 16:58:08,761 - __name__ - INFO - [SCRAPE_DEVPOST] 1611 hackathons scraped 

2025-08-15 16:58:09,761 - __name__ - INFO - [SCRAPE_DEVPOST] Scraping page 180
2025-08-15 16:58:10,339 - __name__ - INFO - [SCRAPE_DEVPOST] Found 9 hackathons on this page
2025-08-15 16:58:10,339 - __name__ - INFO - [SCRAPE_DEVPOST] 1620 hackathons scraped 

2025-08-15 16:58:11,341 - __name__ - INFO - [SCRAPE_DEVPOST] Scraping page 181
2025-08-15 16:58:11,902 - __name__ - INFO - [SCRAPE_DEVPOST] Found 9 hackathons on this page
2025-08-15 16:58:11,902 - __name__ - INFO - [SCRAPE_DEVPOST] 1629 hackathons scraped 

2025-08-15 16:58:12,907 - __name__ - INFO - [SCRAPE_DEVPOST] Scraping page 182
2025-08-15 16:58:13,425 - __name__ - INFO - [SCRAPE_DEVPOST] Found 9 hackathons on this page
2025-08-15 16:58:13,425 - __name__ - INFO - [SCRAPE_DEVPOST] 1638 hackathons scraped 

2025-08-15 16:58:14,430 - __name__ - INFO - [SCRAPE_DEVPOST] Scraping page 183
2025-08-15 16:58:15,049 - __name__ - INFO - [SCRAPE_DEVPOST] Found 9 hackathons on this page
2025-08-15 16:58:15,049 - __name__ - INFO - [SCRAPE_DEVPOST] 1647 hackathons scraped 

2025-08-15 16:58:16,054 - __name__ - INFO - [SCRAPE_DEVPOST] Scraping page 184
2025-08-15 16:58:16,589 - __name__ - INFO - [SCRAPE_DEVPOST] Found 9 hackathons on this page
2025-08-15 16:58:16,589 - __name__ - INFO - [SCRAPE_DEVPOST] 1656 hackathons scraped 

2025-08-15 16:58:17,592 - __name__ - INFO - [SCRAPE_DEVPOST] Scraping page 185
2025-08-15 16:58:18,136 - __name__ - INFO - [SCRAPE_DEVPOST] Found 9 hackathons on this page
2025-08-15 16:58:18,136 - __name__ - INFO - [SCRAPE_DEVPOST] 1665 hackathons scraped 

2025-08-15 16:58:19,141 - __name__ - INFO - [SCRAPE_DEVPOST] Scraping page 186
2025-08-15 16:58:19,680 - __name__ - INFO - [SCRAPE_DEVPOST] Found 9 hackathons on this page
2025-08-15 16:58:19,680 - __name__ - INFO - [SCRAPE_DEVPOST] 1674 hackathons scraped 

2025-08-15 16:58:20,684 - __name__ - INFO - [SCRAPE_DEVPOST] Scraping page 187
2025-08-15 16:58:21,233 - __name__ - INFO - [SCRAPE_DEVPOST] Found 9 hackathons on this page
2025-08-15 16:58:21,233 - __name__ - INFO - [SCRAPE_DEVPOST] 1683 hackathons scraped 

2025-08-15 16:58:22,234 - __name__ - INFO - [SCRAPE_DEVPOST] Scraping page 188
2025-08-15 16:58:22,761 - __name__ - INFO - [SCRAPE_DEVPOST] Found 9 hackathons on this page
2025-08-15 16:58:22,761 - __name__ - INFO - [SCRAPE_DEVPOST] 1692 hackathons scraped 

2025-08-15 16:58:23,766 - __name__ - INFO - [SCRAPE_DEVPOST] Scraping page 189
2025-08-15 16:58:24,349 - __name__ - INFO - [SCRAPE_DEVPOST] Found 9 hackathons on this page
2025-08-15 16:58:24,349 - __name__ - INFO - [SCRAPE_DEVPOST] 1701 hackathons scraped 

2025-08-15 16:58:25,354 - __name__ - INFO - [SCRAPE_DEVPOST] Scraping page 190
2025-08-15 16:58:25,884 - __name__ - INFO - [SCRAPE_DEVPOST] Found 9 hackathons on this page
2025-08-15 16:58:25,884 - __name__ - INFO - [SCRAPE_DEVPOST] 1710 hackathons scraped 

2025-08-15 16:58:26,889 - __name__ - INFO - [SCRAPE_DEVPOST] Scraping page 191
2025-08-15 16:58:27,427 - __name__ - INFO - [SCRAPE_DEVPOST] Found 9 hackathons on this page
2025-08-15 16:58:27,427 - __name__ - INFO - [SCRAPE_DEVPOST] 1719 hackathons scraped 

2025-08-15 16:58:28,429 - __name__ - INFO - [SCRAPE_DEVPOST] Scraping page 192
2025-08-15 16:58:28,978 - __name__ - INFO - [SCRAPE_DEVPOST] Found 9 hackathons on this page
2025-08-15 16:58:28,978 - __name__ - INFO - [SCRAPE_DEVPOST] 1728 hackathons scraped 

2025-08-15 16:58:29,982 - __name__ - INFO - [SCRAPE_DEVPOST] Scraping page 193
2025-08-15 16:58:30,520 - __name__ - INFO - [SCRAPE_DEVPOST] Found 9 hackathons on this page
2025-08-15 16:58:30,520 - __name__ - INFO - [SCRAPE_DEVPOST] 1737 hackathons scraped 

2025-08-15 16:58:31,522 - __name__ - INFO - [SCRAPE_DEVPOST] Scraping page 194
2025-08-15 16:58:32,045 - __name__ - INFO - [SCRAPE_DEVPOST] Found 9 hackathons on this page
2025-08-15 16:58:32,045 - __name__ - INFO - [SCRAPE_DEVPOST] 1746 hackathons scraped 

2025-08-15 16:58:33,050 - __name__ - INFO - [SCRAPE_DEVPOST] Scraping page 195
2025-08-15 16:58:33,578 - __name__ - INFO - [SCRAPE_DEVPOST] Found 9 hackathons on this page
2025-08-15 16:58:33,578 - __name__ - INFO - [SCRAPE_DEVPOST] 1755 hackathons scraped 

2025-08-15 16:58:34,584 - __name__ - INFO - [SCRAPE_DEVPOST] Scraping page 196
2025-08-15 16:58:35,128 - __name__ - INFO - [SCRAPE_DEVPOST] Found 9 hackathons on this page
2025-08-15 16:58:35,129 - __name__ - INFO - [SCRAPE_DEVPOST] 1764 hackathons scraped 

2025-08-15 16:58:36,134 - __name__ - INFO - [SCRAPE_DEVPOST] Scraping page 197
2025-08-15 16:58:36,688 - __name__ - INFO - [SCRAPE_DEVPOST] Found 9 hackathons on this page
2025-08-15 16:58:36,689 - __name__ - INFO - [SCRAPE_DEVPOST] 1773 hackathons scraped 

2025-08-15 16:58:37,692 - __name__ - INFO - [SCRAPE_DEVPOST] Scraping page 198
2025-08-15 16:58:38,220 - __name__ - INFO - [SCRAPE_DEVPOST] Found 9 hackathons on this page
2025-08-15 16:58:38,220 - __name__ - INFO - [SCRAPE_DEVPOST] 1782 hackathons scraped 

2025-08-15 16:58:39,225 - __name__ - INFO - [SCRAPE_DEVPOST] Scraping page 199
2025-08-15 16:58:39,814 - __name__ - INFO - [SCRAPE_DEVPOST] Found 9 hackathons on this page
2025-08-15 16:58:39,815 - __name__ - INFO - [SCRAPE_DEVPOST] 1791 hackathons scraped 

2025-08-15 16:58:40,816 - __name__ - INFO - [SCRAPE_DEVPOST] Scraping page 200
2025-08-15 16:58:41,349 - __name__ - INFO - [SCRAPE_DEVPOST] Found 9 hackathons on this page
2025-08-15 16:58:41,349 - __name__ - INFO - [SCRAPE_DEVPOST] 1800 hackathons scraped 

2025-08-15 16:58:42,354 - __name__ - INFO - [SCRAPE_DEVPOST] Scraping page 201
2025-08-15 16:58:42,917 - __name__ - INFO - [SCRAPE_DEVPOST] Found 9 hackathons on this page
2025-08-15 16:58:42,918 - __name__ - INFO - [SCRAPE_DEVPOST] 1809 hackathons scraped 

2025-08-15 16:58:43,919 - __name__ - INFO - [SCRAPE_DEVPOST] Scraping page 202
2025-08-15 16:58:44,496 - __name__ - INFO - [SCRAPE_DEVPOST] Found 9 hackathons on this page
2025-08-15 16:58:44,497 - __name__ - INFO - [SCRAPE_DEVPOST] 1818 hackathons scraped 

2025-08-15 16:58:45,502 - __name__ - INFO - [SCRAPE_DEVPOST] Scraping page 203
2025-08-15 16:58:46,309 - __name__ - INFO - [SCRAPE_DEVPOST] Found 9 hackathons on this page
2025-08-15 16:58:46,309 - __name__ - INFO - [SCRAPE_DEVPOST] 1827 hackathons scraped 

2025-08-15 16:58:47,313 - __name__ - INFO - [SCRAPE_DEVPOST] Scraping page 204
2025-08-15 16:58:47,931 - __name__ - INFO - [SCRAPE_DEVPOST] Found 9 hackathons on this page
2025-08-15 16:58:47,931 - __name__ - INFO - [SCRAPE_DEVPOST] 1836 hackathons scraped 

2025-08-15 16:58:48,935 - __name__ - INFO - [SCRAPE_DEVPOST] Scraping page 205
2025-08-15 16:58:49,496 - __name__ - INFO - [SCRAPE_DEVPOST] Found 9 hackathons on this page
2025-08-15 16:58:49,496 - __name__ - INFO - [SCRAPE_DEVPOST] 1845 hackathons scraped 

2025-08-15 16:58:50,501 - __name__ - INFO - [SCRAPE_DEVPOST] Scraping page 206
2025-08-15 16:58:51,227 - __name__ - INFO - [SCRAPE_DEVPOST] Found 9 hackathons on this page
2025-08-15 16:58:51,227 - __name__ - INFO - [SCRAPE_DEVPOST] 1854 hackathons scraped 

2025-08-15 16:58:52,228 - __name__ - INFO - [SCRAPE_DEVPOST] Scraping page 207
2025-08-15 16:58:52,780 - __name__ - INFO - [SCRAPE_DEVPOST] Found 9 hackathons on this page
2025-08-15 16:58:52,781 - __name__ - INFO - [SCRAPE_DEVPOST] 1863 hackathons scraped 

2025-08-15 16:58:53,784 - __name__ - INFO - [SCRAPE_DEVPOST] Scraping page 208
2025-08-15 16:58:54,341 - __name__ - INFO - [SCRAPE_DEVPOST] Found 9 hackathons on this page
2025-08-15 16:58:54,341 - __name__ - INFO - [SCRAPE_DEVPOST] 1872 hackathons scraped 

2025-08-15 16:58:55,345 - __name__ - INFO - [SCRAPE_DEVPOST] Scraping page 209
2025-08-15 16:58:55,868 - __name__ - INFO - [SCRAPE_DEVPOST] Found 9 hackathons on this page
2025-08-15 16:58:55,868 - __name__ - INFO - [SCRAPE_DEVPOST] 1881 hackathons scraped 

2025-08-15 16:58:56,873 - __name__ - INFO - [SCRAPE_DEVPOST] Scraping page 210
2025-08-15 16:58:57,420 - __name__ - INFO - [SCRAPE_DEVPOST] Found 9 hackathons on this page
2025-08-15 16:58:57,421 - __name__ - INFO - [SCRAPE_DEVPOST] 1890 hackathons scraped 

2025-08-15 16:58:58,424 - __name__ - INFO - [SCRAPE_DEVPOST] Scraping page 211
2025-08-15 16:58:58,972 - __name__ - INFO - [SCRAPE_DEVPOST] Found 9 hackathons on this page
2025-08-15 16:58:58,972 - __name__ - INFO - [SCRAPE_DEVPOST] 1899 hackathons scraped 

2025-08-15 16:58:59,974 - __name__ - INFO - [SCRAPE_DEVPOST] Scraping page 212
2025-08-15 16:59:00,719 - __name__ - INFO - [SCRAPE_DEVPOST] Found 9 hackathons on this page
2025-08-15 16:59:00,720 - __name__ - INFO - [SCRAPE_DEVPOST] 1908 hackathons scraped 

2025-08-15 16:59:01,724 - __name__ - INFO - [SCRAPE_DEVPOST] Scraping page 213
2025-08-15 16:59:02,814 - __name__ - INFO - [SCRAPE_DEVPOST] Found 9 hackathons on this page
2025-08-15 16:59:02,814 - __name__ - INFO - [SCRAPE_DEVPOST] 1917 hackathons scraped 

2025-08-15 16:59:03,819 - __name__ - INFO - [SCRAPE_DEVPOST] Scraping page 214
2025-08-15 16:59:04,913 - __name__ - INFO - [SCRAPE_DEVPOST] Found 9 hackathons on this page
2025-08-15 16:59:04,913 - __name__ - INFO - [SCRAPE_DEVPOST] 1926 hackathons scraped 

2025-08-15 16:59:05,917 - __name__ - INFO - [SCRAPE_DEVPOST] Scraping page 215
2025-08-15 16:59:06,650 - __name__ - INFO - [SCRAPE_DEVPOST] Found 9 hackathons on this page
2025-08-15 16:59:06,650 - __name__ - INFO - [SCRAPE_DEVPOST] 1935 hackathons scraped 

2025-08-15 16:59:07,653 - __name__ - INFO - [SCRAPE_DEVPOST] Scraping page 216
2025-08-15 16:59:08,227 - __name__ - INFO - [SCRAPE_DEVPOST] Found 9 hackathons on this page
2025-08-15 16:59:08,228 - __name__ - INFO - [SCRAPE_DEVPOST] 1944 hackathons scraped 

2025-08-15 16:59:09,232 - __name__ - INFO - [SCRAPE_DEVPOST] Scraping page 217
2025-08-15 16:59:09,808 - __name__ - INFO - [SCRAPE_DEVPOST] Found 9 hackathons on this page
2025-08-15 16:59:09,808 - __name__ - INFO - [SCRAPE_DEVPOST] 1953 hackathons scraped 

2025-08-15 16:59:10,811 - __name__ - INFO - [SCRAPE_DEVPOST] Scraping page 218
2025-08-15 16:59:11,359 - __name__ - INFO - [SCRAPE_DEVPOST] Found 9 hackathons on this page
2025-08-15 16:59:11,359 - __name__ - INFO - [SCRAPE_DEVPOST] 1962 hackathons scraped 

2025-08-15 16:59:12,364 - __name__ - INFO - [SCRAPE_DEVPOST] Scraping page 219
2025-08-15 16:59:12,971 - __name__ - INFO - [SCRAPE_DEVPOST] Found 9 hackathons on this page
2025-08-15 16:59:12,971 - __name__ - INFO - [SCRAPE_DEVPOST] 1971 hackathons scraped 

2025-08-15 16:59:13,976 - __name__ - INFO - [SCRAPE_DEVPOST] Scraping page 220
2025-08-15 16:59:14,684 - __name__ - INFO - [SCRAPE_DEVPOST] Found 9 hackathons on this page
2025-08-15 16:59:14,685 - __name__ - INFO - [SCRAPE_DEVPOST] 1980 hackathons scraped 

2025-08-15 16:59:15,688 - __name__ - INFO - [SCRAPE_DEVPOST] Scraping page 221
2025-08-15 16:59:16,334 - __name__ - INFO - [SCRAPE_DEVPOST] Found 9 hackathons on this page
2025-08-15 16:59:16,334 - __name__ - INFO - [SCRAPE_DEVPOST] 1989 hackathons scraped 

2025-08-15 16:59:17,339 - __name__ - INFO - [SCRAPE_DEVPOST] Scraping page 222
2025-08-15 16:59:17,900 - __name__ - INFO - [SCRAPE_DEVPOST] Found 9 hackathons on this page
2025-08-15 16:59:17,900 - __name__ - INFO - [SCRAPE_DEVPOST] 1998 hackathons scraped 

2025-08-15 16:59:18,905 - __name__ - INFO - [SCRAPE_DEVPOST] Scraping page 223
2025-08-15 16:59:19,500 - __name__ - INFO - [SCRAPE_DEVPOST] Found 9 hackathons on this page
2025-08-15 16:59:19,501 - __name__ - INFO - [SCRAPE_DEVPOST] 2007 hackathons scraped 

2025-08-15 16:59:20,504 - __name__ - INFO - [SCRAPE_DEVPOST] Scraping page 224
2025-08-15 16:59:21,056 - __name__ - INFO - [SCRAPE_DEVPOST] Found 9 hackathons on this page
2025-08-15 16:59:21,057 - __name__ - INFO - [SCRAPE_DEVPOST] 2016 hackathons scraped 

2025-08-15 16:59:22,058 - __name__ - INFO - [SCRAPE_DEVPOST] Scraping page 225
2025-08-15 16:59:22,606 - __name__ - INFO - [SCRAPE_DEVPOST] Found 9 hackathons on this page
2025-08-15 16:59:22,606 - __name__ - INFO - [SCRAPE_DEVPOST] 2025 hackathons scraped 

2025-08-15 16:59:23,611 - __name__ - INFO - [SCRAPE_DEVPOST] Scraping page 226
2025-08-15 16:59:24,150 - __name__ - INFO - [SCRAPE_DEVPOST] Found 9 hackathons on this page
2025-08-15 16:59:24,150 - __name__ - INFO - [SCRAPE_DEVPOST] 2034 hackathons scraped 

2025-08-15 16:59:24,855 - asyncio - ERROR - Exception in callback scrape_devpost.<locals>.<lambda>(<Task cancell.../db_ops.py:9>>) at /Users/mfonudoh/Desktop/Programs/eureka/scraper-module/scraper/app/backfill.py:94
handle: <Handle scrape_devpost.<locals>.<lambda>(<Task cancell.../db_ops.py:9>>) at /Users/mfonudoh/Desktop/Programs/eureka/scraper-module/scraper/app/backfill.py:94>
Traceback (most recent call last):
  File "/Users/mfonudoh/Desktop/Programs/eureka/scraper-module/scraper/app/db_ops.py", line 9, in insert_into_hackathon
    async def insert_into_hackathon(hackathons) -> None:
asyncio.exceptions.CancelledError

During handling of the above exception, another exception occurred:

Traceback (most recent call last):
  File "/Applications/Xcode.app/Contents/Developer/Library/Frameworks/Python3.framework/Versions/3.9/lib/python3.9/asyncio/events.py", line 80, in _run
    self._context.run(self._callback, *self._args)
  File "/Users/mfonudoh/Desktop/Programs/eureka/scraper-module/scraper/app/backfill.py", line 94, in <lambda>
    lambda t: handle_task_exception(t, hackathon_data_copy)
  File "/Users/mfonudoh/Desktop/Programs/eureka/scraper-module/scraper/app/backfill.py", line 32, in handle_task_exception
    task.result()
asyncio.exceptions.CancelledError
2025-08-15 16:59:24,860 - asyncio - ERROR - Exception in callback scrape_devpost.<locals>.<lambda>(<Task cancell.../db_ops.py:9>>) at /Users/mfonudoh/Desktop/Programs/eureka/scraper-module/scraper/app/backfill.py:94
handle: <Handle scrape_devpost.<locals>.<lambda>(<Task cancell.../db_ops.py:9>>) at /Users/mfonudoh/Desktop/Programs/eureka/scraper-module/scraper/app/backfill.py:94>
Traceback (most recent call last):
  File "/Users/mfonudoh/Desktop/Programs/eureka/scraper-module/scraper/app/db_ops.py", line 9, in insert_into_hackathon
    async def insert_into_hackathon(hackathons) -> None:
asyncio.exceptions.CancelledError

During handling of the above exception, another exception occurred:

Traceback (most recent call last):
  File "/Applications/Xcode.app/Contents/Developer/Library/Frameworks/Python3.framework/Versions/3.9/lib/python3.9/asyncio/events.py", line 80, in _run
    self._context.run(self._callback, *self._args)
  File "/Users/mfonudoh/Desktop/Programs/eureka/scraper-module/scraper/app/backfill.py", line 94, in <lambda>
    lambda t: handle_task_exception(t, hackathon_data_copy)
  File "/Users/mfonudoh/Desktop/Programs/eureka/scraper-module/scraper/app/backfill.py", line 32, in handle_task_exception
    task.result()
asyncio.exceptions.CancelledError
2025-08-15 16:59:24,860 - asyncio - ERROR - Exception in callback scrape_devpost.<locals>.<lambda>(<Task cancell.../db_ops.py:9>>) at /Users/mfonudoh/Desktop/Programs/eureka/scraper-module/scraper/app/backfill.py:94
handle: <Handle scrape_devpost.<locals>.<lambda>(<Task cancell.../db_ops.py:9>>) at /Users/mfonudoh/Desktop/Programs/eureka/scraper-module/scraper/app/backfill.py:94>
Traceback (most recent call last):
  File "/Users/mfonudoh/Desktop/Programs/eureka/scraper-module/scraper/app/db_ops.py", line 9, in insert_into_hackathon
    async def insert_into_hackathon(hackathons) -> None:
asyncio.exceptions.CancelledError

During handling of the above exception, another exception occurred:

Traceback (most recent call last):
  File "/Applications/Xcode.app/Contents/Developer/Library/Frameworks/Python3.framework/Versions/3.9/lib/python3.9/asyncio/events.py", line 80, in _run
    self._context.run(self._callback, *self._args)
  File "/Users/mfonudoh/Desktop/Programs/eureka/scraper-module/scraper/app/backfill.py", line 94, in <lambda>
    lambda t: handle_task_exception(t, hackathon_data_copy)
  File "/Users/mfonudoh/Desktop/Programs/eureka/scraper-module/scraper/app/backfill.py", line 32, in handle_task_exception
    task.result()
asyncio.exceptions.CancelledError
2025-08-15 16:59:24,860 - asyncio - ERROR - Exception in callback scrape_devpost.<locals>.<lambda>(<Task cancell.../db_ops.py:9>>) at /Users/mfonudoh/Desktop/Programs/eureka/scraper-module/scraper/app/backfill.py:94
handle: <Handle scrape_devpost.<locals>.<lambda>(<Task cancell.../db_ops.py:9>>) at /Users/mfonudoh/Desktop/Programs/eureka/scraper-module/scraper/app/backfill.py:94>
Traceback (most recent call last):
  File "/Users/mfonudoh/Desktop/Programs/eureka/scraper-module/scraper/app/db_ops.py", line 9, in insert_into_hackathon
    async def insert_into_hackathon(hackathons) -> None:
asyncio.exceptions.CancelledError

During handling of the above exception, another exception occurred:

Traceback (most recent call last):
  File "/Applications/Xcode.app/Contents/Developer/Library/Frameworks/Python3.framework/Versions/3.9/lib/python3.9/asyncio/events.py", line 80, in _run
    self._context.run(self._callback, *self._args)
  File "/Users/mfonudoh/Desktop/Programs/eureka/scraper-module/scraper/app/backfill.py", line 94, in <lambda>
    lambda t: handle_task_exception(t, hackathon_data_copy)
  File "/Users/mfonudoh/Desktop/Programs/eureka/scraper-module/scraper/app/backfill.py", line 32, in handle_task_exception
    task.result()
asyncio.exceptions.CancelledError
2025-08-15 16:59:24,860 - asyncio - ERROR - Exception in callback scrape_devpost.<locals>.<lambda>(<Task cancell.../db_ops.py:9>>) at /Users/mfonudoh/Desktop/Programs/eureka/scraper-module/scraper/app/backfill.py:94
handle: <Handle scrape_devpost.<locals>.<lambda>(<Task cancell.../db_ops.py:9>>) at /Users/mfonudoh/Desktop/Programs/eureka/scraper-module/scraper/app/backfill.py:94>
Traceback (most recent call last):
  File "/Users/mfonudoh/Desktop/Programs/eureka/scraper-module/scraper/app/db_ops.py", line 9, in insert_into_hackathon
    async def insert_into_hackathon(hackathons) -> None:
asyncio.exceptions.CancelledError

During handling of the above exception, another exception occurred:

Traceback (most recent call last):
  File "/Applications/Xcode.app/Contents/Developer/Library/Frameworks/Python3.framework/Versions/3.9/lib/python3.9/asyncio/events.py", line 80, in _run
    self._context.run(self._callback, *self._args)
  File "/Users/mfonudoh/Desktop/Programs/eureka/scraper-module/scraper/app/backfill.py", line 94, in <lambda>
    lambda t: handle_task_exception(t, hackathon_data_copy)
  File "/Users/mfonudoh/Desktop/Programs/eureka/scraper-module/scraper/app/backfill.py", line 32, in handle_task_exception
    task.result()
asyncio.exceptions.CancelledError
2025-08-15 16:59:24,860 - asyncio - ERROR - Exception in callback scrape_devpost.<locals>.<lambda>(<Task cancell.../db_ops.py:9>>) at /Users/mfonudoh/Desktop/Programs/eureka/scraper-module/scraper/app/backfill.py:94
handle: <Handle scrape_devpost.<locals>.<lambda>(<Task cancell.../db_ops.py:9>>) at /Users/mfonudoh/Desktop/Programs/eureka/scraper-module/scraper/app/backfill.py:94>
Traceback (most recent call last):
  File "/Users/mfonudoh/Desktop/Programs/eureka/scraper-module/scraper/app/db_ops.py", line 9, in insert_into_hackathon
    async def insert_into_hackathon(hackathons) -> None:
asyncio.exceptions.CancelledError

During handling of the above exception, another exception occurred:

Traceback (most recent call last):
  File "/Applications/Xcode.app/Contents/Developer/Library/Frameworks/Python3.framework/Versions/3.9/lib/python3.9/asyncio/events.py", line 80, in _run
    self._context.run(self._callback, *self._args)
  File "/Users/mfonudoh/Desktop/Programs/eureka/scraper-module/scraper/app/backfill.py", line 94, in <lambda>
    lambda t: handle_task_exception(t, hackathon_data_copy)
  File "/Users/mfonudoh/Desktop/Programs/eureka/scraper-module/scraper/app/backfill.py", line 32, in handle_task_exception
    task.result()
asyncio.exceptions.CancelledError
2025-08-15 16:59:24,860 - asyncio - ERROR - Exception in callback scrape_devpost.<locals>.<lambda>(<Task cancell.../db_ops.py:9>>) at /Users/mfonudoh/Desktop/Programs/eureka/scraper-module/scraper/app/backfill.py:94
handle: <Handle scrape_devpost.<locals>.<lambda>(<Task cancell.../db_ops.py:9>>) at /Users/mfonudoh/Desktop/Programs/eureka/scraper-module/scraper/app/backfill.py:94>
Traceback (most recent call last):
  File "/Users/mfonudoh/Desktop/Programs/eureka/scraper-module/scraper/app/db_ops.py", line 9, in insert_into_hackathon
    async def insert_into_hackathon(hackathons) -> None:
asyncio.exceptions.CancelledError

During handling of the above exception, another exception occurred:

Traceback (most recent call last):
  File "/Applications/Xcode.app/Contents/Developer/Library/Frameworks/Python3.framework/Versions/3.9/lib/python3.9/asyncio/events.py", line 80, in _run
    self._context.run(self._callback, *self._args)
  File "/Users/mfonudoh/Desktop/Programs/eureka/scraper-module/scraper/app/backfill.py", line 94, in <lambda>
    lambda t: handle_task_exception(t, hackathon_data_copy)
  File "/Users/mfonudoh/Desktop/Programs/eureka/scraper-module/scraper/app/backfill.py", line 32, in handle_task_exception
    task.result()
asyncio.exceptions.CancelledError
2025-08-15 16:59:24,860 - asyncio - ERROR - Exception in callback scrape_devpost.<locals>.<lambda>(<Task cancell.../db_ops.py:9>>) at /Users/mfonudoh/Desktop/Programs/eureka/scraper-module/scraper/app/backfill.py:94
handle: <Handle scrape_devpost.<locals>.<lambda>(<Task cancell.../db_ops.py:9>>) at /Users/mfonudoh/Desktop/Programs/eureka/scraper-module/scraper/app/backfill.py:94>
Traceback (most recent call last):
  File "/Users/mfonudoh/Desktop/Programs/eureka/scraper-module/scraper/app/db_ops.py", line 9, in insert_into_hackathon
    async def insert_into_hackathon(hackathons) -> None:
asyncio.exceptions.CancelledError

During handling of the above exception, another exception occurred:

Traceback (most recent call last):
  File "/Applications/Xcode.app/Contents/Developer/Library/Frameworks/Python3.framework/Versions/3.9/lib/python3.9/asyncio/events.py", line 80, in _run
    self._context.run(self._callback, *self._args)
  File "/Users/mfonudoh/Desktop/Programs/eureka/scraper-module/scraper/app/backfill.py", line 94, in <lambda>
    lambda t: handle_task_exception(t, hackathon_data_copy)
  File "/Users/mfonudoh/Desktop/Programs/eureka/scraper-module/scraper/app/backfill.py", line 32, in handle_task_exception
    task.result()
asyncio.exceptions.CancelledError
2025-08-15 16:59:24,860 - asyncio - ERROR - Exception in callback scrape_devpost.<locals>.<lambda>(<Task cancell.../db_ops.py:9>>) at /Users/mfonudoh/Desktop/Programs/eureka/scraper-module/scraper/app/backfill.py:94
handle: <Handle scrape_devpost.<locals>.<lambda>(<Task cancell.../db_ops.py:9>>) at /Users/mfonudoh/Desktop/Programs/eureka/scraper-module/scraper/app/backfill.py:94>
Traceback (most recent call last):
  File "/Users/mfonudoh/Desktop/Programs/eureka/scraper-module/scraper/app/db_ops.py", line 9, in insert_into_hackathon
    async def insert_into_hackathon(hackathons) -> None:
asyncio.exceptions.CancelledError

During handling of the above exception, another exception occurred:

Traceback (most recent call last):
  File "/Applications/Xcode.app/Contents/Developer/Library/Frameworks/Python3.framework/Versions/3.9/lib/python3.9/asyncio/events.py", line 80, in _run
    self._context.run(self._callback, *self._args)
  File "/Users/mfonudoh/Desktop/Programs/eureka/scraper-module/scraper/app/backfill.py", line 94, in <lambda>
    lambda t: handle_task_exception(t, hackathon_data_copy)
  File "/Users/mfonudoh/Desktop/Programs/eureka/scraper-module/scraper/app/backfill.py", line 32, in handle_task_exception
    task.result()
asyncio.exceptions.CancelledError
2025-08-15 16:59:24,860 - asyncio - ERROR - Exception in callback scrape_devpost.<locals>.<lambda>(<Task cancell.../db_ops.py:9>>) at /Users/mfonudoh/Desktop/Programs/eureka/scraper-module/scraper/app/backfill.py:94
handle: <Handle scrape_devpost.<locals>.<lambda>(<Task cancell.../db_ops.py:9>>) at /Users/mfonudoh/Desktop/Programs/eureka/scraper-module/scraper/app/backfill.py:94>
Traceback (most recent call last):
  File "/Users/mfonudoh/Desktop/Programs/eureka/scraper-module/scraper/app/db_ops.py", line 9, in insert_into_hackathon
    async def insert_into_hackathon(hackathons) -> None:
asyncio.exceptions.CancelledError

During handling of the above exception, another exception occurred:

Traceback (most recent call last):
  File "/Applications/Xcode.app/Contents/Developer/Library/Frameworks/Python3.framework/Versions/3.9/lib/python3.9/asyncio/events.py", line 80, in _run
    self._context.run(self._callback, *self._args)
  File "/Users/mfonudoh/Desktop/Programs/eureka/scraper-module/scraper/app/backfill.py", line 94, in <lambda>
    lambda t: handle_task_exception(t, hackathon_data_copy)
  File "/Users/mfonudoh/Desktop/Programs/eureka/scraper-module/scraper/app/backfill.py", line 32, in handle_task_exception
    task.result()
asyncio.exceptions.CancelledError
2025-08-15 16:59:24,860 - asyncio - ERROR - Exception in callback scrape_devpost.<locals>.<lambda>(<Task cancell.../db_ops.py:9>>) at /Users/mfonudoh/Desktop/Programs/eureka/scraper-module/scraper/app/backfill.py:94
handle: <Handle scrape_devpost.<locals>.<lambda>(<Task cancell.../db_ops.py:9>>) at /Users/mfonudoh/Desktop/Programs/eureka/scraper-module/scraper/app/backfill.py:94>
Traceback (most recent call last):
  File "/Users/mfonudoh/Desktop/Programs/eureka/scraper-module/scraper/app/db_ops.py", line 9, in insert_into_hackathon
    async def insert_into_hackathon(hackathons) -> None:
asyncio.exceptions.CancelledError

During handling of the above exception, another exception occurred:

Traceback (most recent call last):
  File "/Applications/Xcode.app/Contents/Developer/Library/Frameworks/Python3.framework/Versions/3.9/lib/python3.9/asyncio/events.py", line 80, in _run
    self._context.run(self._callback, *self._args)
  File "/Users/mfonudoh/Desktop/Programs/eureka/scraper-module/scraper/app/backfill.py", line 94, in <lambda>
    lambda t: handle_task_exception(t, hackathon_data_copy)
  File "/Users/mfonudoh/Desktop/Programs/eureka/scraper-module/scraper/app/backfill.py", line 32, in handle_task_exception
    task.result()
asyncio.exceptions.CancelledError
2025-08-15 16:59:24,860 - asyncio - ERROR - Exception in callback scrape_devpost.<locals>.<lambda>(<Task cancell.../db_ops.py:9>>) at /Users/mfonudoh/Desktop/Programs/eureka/scraper-module/scraper/app/backfill.py:94
handle: <Handle scrape_devpost.<locals>.<lambda>(<Task cancell.../db_ops.py:9>>) at /Users/mfonudoh/Desktop/Programs/eureka/scraper-module/scraper/app/backfill.py:94>
Traceback (most recent call last):
  File "/Users/mfonudoh/Desktop/Programs/eureka/scraper-module/scraper/app/db_ops.py", line 9, in insert_into_hackathon
    async def insert_into_hackathon(hackathons) -> None:
asyncio.exceptions.CancelledError

During handling of the above exception, another exception occurred:

Traceback (most recent call last):
  File "/Applications/Xcode.app/Contents/Developer/Library/Frameworks/Python3.framework/Versions/3.9/lib/python3.9/asyncio/events.py", line 80, in _run
    self._context.run(self._callback, *self._args)
  File "/Users/mfonudoh/Desktop/Programs/eureka/scraper-module/scraper/app/backfill.py", line 94, in <lambda>
    lambda t: handle_task_exception(t, hackathon_data_copy)
  File "/Users/mfonudoh/Desktop/Programs/eureka/scraper-module/scraper/app/backfill.py", line 32, in handle_task_exception
    task.result()
asyncio.exceptions.CancelledError
2025-08-15 16:59:24,861 - asyncio - ERROR - Exception in callback scrape_devpost.<locals>.<lambda>(<Task cancell.../db_ops.py:9>>) at /Users/mfonudoh/Desktop/Programs/eureka/scraper-module/scraper/app/backfill.py:94
handle: <Handle scrape_devpost.<locals>.<lambda>(<Task cancell.../db_ops.py:9>>) at /Users/mfonudoh/Desktop/Programs/eureka/scraper-module/scraper/app/backfill.py:94>
Traceback (most recent call last):
  File "/Users/mfonudoh/Desktop/Programs/eureka/scraper-module/scraper/app/db_ops.py", line 9, in insert_into_hackathon
    async def insert_into_hackathon(hackathons) -> None:
asyncio.exceptions.CancelledError

During handling of the above exception, another exception occurred:

Traceback (most recent call last):
  File "/Applications/Xcode.app/Contents/Developer/Library/Frameworks/Python3.framework/Versions/3.9/lib/python3.9/asyncio/events.py", line 80, in _run
    self._context.run(self._callback, *self._args)
  File "/Users/mfonudoh/Desktop/Programs/eureka/scraper-module/scraper/app/backfill.py", line 94, in <lambda>
    lambda t: handle_task_exception(t, hackathon_data_copy)
  File "/Users/mfonudoh/Desktop/Programs/eureka/scraper-module/scraper/app/backfill.py", line 32, in handle_task_exception
    task.result()
asyncio.exceptions.CancelledError
2025-08-15 16:59:24,861 - asyncio - ERROR - Exception in callback scrape_devpost.<locals>.<lambda>(<Task cancell.../db_ops.py:9>>) at /Users/mfonudoh/Desktop/Programs/eureka/scraper-module/scraper/app/backfill.py:94
handle: <Handle scrape_devpost.<locals>.<lambda>(<Task cancell.../db_ops.py:9>>) at /Users/mfonudoh/Desktop/Programs/eureka/scraper-module/scraper/app/backfill.py:94>
Traceback (most recent call last):
  File "/Users/mfonudoh/Desktop/Programs/eureka/scraper-module/scraper/app/db_ops.py", line 9, in insert_into_hackathon
    async def insert_into_hackathon(hackathons) -> None:
asyncio.exceptions.CancelledError

During handling of the above exception, another exception occurred:

Traceback (most recent call last):
  File "/Applications/Xcode.app/Contents/Developer/Library/Frameworks/Python3.framework/Versions/3.9/lib/python3.9/asyncio/events.py", line 80, in _run
    self._context.run(self._callback, *self._args)
  File "/Users/mfonudoh/Desktop/Programs/eureka/scraper-module/scraper/app/backfill.py", line 94, in <lambda>
    lambda t: handle_task_exception(t, hackathon_data_copy)
  File "/Users/mfonudoh/Desktop/Programs/eureka/scraper-module/scraper/app/backfill.py", line 32, in handle_task_exception
    task.result()
asyncio.exceptions.CancelledError
2025-08-15 16:59:24,861 - asyncio - ERROR - Exception in callback scrape_devpost.<locals>.<lambda>(<Task cancell.../db_ops.py:9>>) at /Users/mfonudoh/Desktop/Programs/eureka/scraper-module/scraper/app/backfill.py:94
handle: <Handle scrape_devpost.<locals>.<lambda>(<Task cancell.../db_ops.py:9>>) at /Users/mfonudoh/Desktop/Programs/eureka/scraper-module/scraper/app/backfill.py:94>
Traceback (most recent call last):
  File "/Users/mfonudoh/Desktop/Programs/eureka/scraper-module/scraper/app/db_ops.py", line 9, in insert_into_hackathon
    async def insert_into_hackathon(hackathons) -> None:
asyncio.exceptions.CancelledError

During handling of the above exception, another exception occurred:

Traceback (most recent call last):
  File "/Applications/Xcode.app/Contents/Developer/Library/Frameworks/Python3.framework/Versions/3.9/lib/python3.9/asyncio/events.py", line 80, in _run
    self._context.run(self._callback, *self._args)
  File "/Users/mfonudoh/Desktop/Programs/eureka/scraper-module/scraper/app/backfill.py", line 94, in <lambda>
    lambda t: handle_task_exception(t, hackathon_data_copy)
  File "/Users/mfonudoh/Desktop/Programs/eureka/scraper-module/scraper/app/backfill.py", line 32, in handle_task_exception
    task.result()
asyncio.exceptions.CancelledError
2025-08-15 16:59:24,861 - asyncio - ERROR - Exception in callback scrape_devpost.<locals>.<lambda>(<Task cancell.../db_ops.py:9>>) at /Users/mfonudoh/Desktop/Programs/eureka/scraper-module/scraper/app/backfill.py:94
handle: <Handle scrape_devpost.<locals>.<lambda>(<Task cancell.../db_ops.py:9>>) at /Users/mfonudoh/Desktop/Programs/eureka/scraper-module/scraper/app/backfill.py:94>
Traceback (most recent call last):
  File "/Users/mfonudoh/Desktop/Programs/eureka/scraper-module/scraper/app/db_ops.py", line 9, in insert_into_hackathon
    async def insert_into_hackathon(hackathons) -> None:
asyncio.exceptions.CancelledError

During handling of the above exception, another exception occurred:

Traceback (most recent call last):
  File "/Applications/Xcode.app/Contents/Developer/Library/Frameworks/Python3.framework/Versions/3.9/lib/python3.9/asyncio/events.py", line 80, in _run
    self._context.run(self._callback, *self._args)
  File "/Users/mfonudoh/Desktop/Programs/eureka/scraper-module/scraper/app/backfill.py", line 94, in <lambda>
    lambda t: handle_task_exception(t, hackathon_data_copy)
  File "/Users/mfonudoh/Desktop/Programs/eureka/scraper-module/scraper/app/backfill.py", line 32, in handle_task_exception
    task.result()
asyncio.exceptions.CancelledError
2025-08-15 16:59:24,861 - asyncio - ERROR - Exception in callback scrape_devpost.<locals>.<lambda>(<Task cancell.../db_ops.py:9>>) at /Users/mfonudoh/Desktop/Programs/eureka/scraper-module/scraper/app/backfill.py:94
handle: <Handle scrape_devpost.<locals>.<lambda>(<Task cancell.../db_ops.py:9>>) at /Users/mfonudoh/Desktop/Programs/eureka/scraper-module/scraper/app/backfill.py:94>
Traceback (most recent call last):
  File "/Users/mfonudoh/Desktop/Programs/eureka/scraper-module/scraper/app/db_ops.py", line 9, in insert_into_hackathon
    async def insert_into_hackathon(hackathons) -> None:
asyncio.exceptions.CancelledError

During handling of the above exception, another exception occurred:

Traceback (most recent call last):
  File "/Applications/Xcode.app/Contents/Developer/Library/Frameworks/Python3.framework/Versions/3.9/lib/python3.9/asyncio/events.py", line 80, in _run
    self._context.run(self._callback, *self._args)
  File "/Users/mfonudoh/Desktop/Programs/eureka/scraper-module/scraper/app/backfill.py", line 94, in <lambda>
    lambda t: handle_task_exception(t, hackathon_data_copy)
  File "/Users/mfonudoh/Desktop/Programs/eureka/scraper-module/scraper/app/backfill.py", line 32, in handle_task_exception
    task.result()
asyncio.exceptions.CancelledError
2025-08-15 16:59:24,861 - asyncio - ERROR - Exception in callback scrape_devpost.<locals>.<lambda>(<Task cancell.../db_ops.py:9>>) at /Users/mfonudoh/Desktop/Programs/eureka/scraper-module/scraper/app/backfill.py:94
handle: <Handle scrape_devpost.<locals>.<lambda>(<Task cancell.../db_ops.py:9>>) at /Users/mfonudoh/Desktop/Programs/eureka/scraper-module/scraper/app/backfill.py:94>
Traceback (most recent call last):
  File "/Users/mfonudoh/Desktop/Programs/eureka/scraper-module/scraper/app/db_ops.py", line 9, in insert_into_hackathon
    async def insert_into_hackathon(hackathons) -> None:
asyncio.exceptions.CancelledError

During handling of the above exception, another exception occurred:

Traceback (most recent call last):
  File "/Applications/Xcode.app/Contents/Developer/Library/Frameworks/Python3.framework/Versions/3.9/lib/python3.9/asyncio/events.py", line 80, in _run
    self._context.run(self._callback, *self._args)
  File "/Users/mfonudoh/Desktop/Programs/eureka/scraper-module/scraper/app/backfill.py", line 94, in <lambda>
    lambda t: handle_task_exception(t, hackathon_data_copy)
  File "/Users/mfonudoh/Desktop/Programs/eureka/scraper-module/scraper/app/backfill.py", line 32, in handle_task_exception
    task.result()
asyncio.exceptions.CancelledError
2025-08-15 16:59:24,861 - asyncio - ERROR - Exception in callback scrape_devpost.<locals>.<lambda>(<Task cancell.../db_ops.py:9>>) at /Users/mfonudoh/Desktop/Programs/eureka/scraper-module/scraper/app/backfill.py:94
handle: <Handle scrape_devpost.<locals>.<lambda>(<Task cancell.../db_ops.py:9>>) at /Users/mfonudoh/Desktop/Programs/eureka/scraper-module/scraper/app/backfill.py:94>
Traceback (most recent call last):
  File "/Users/mfonudoh/Desktop/Programs/eureka/scraper-module/scraper/app/db_ops.py", line 9, in insert_into_hackathon
    async def insert_into_hackathon(hackathons) -> None:
asyncio.exceptions.CancelledError

During handling of the above exception, another exception occurred:

Traceback (most recent call last):
  File "/Applications/Xcode.app/Contents/Developer/Library/Frameworks/Python3.framework/Versions/3.9/lib/python3.9/asyncio/events.py", line 80, in _run
    self._context.run(self._callback, *self._args)
  File "/Users/mfonudoh/Desktop/Programs/eureka/scraper-module/scraper/app/backfill.py", line 94, in <lambda>
    lambda t: handle_task_exception(t, hackathon_data_copy)
  File "/Users/mfonudoh/Desktop/Programs/eureka/scraper-module/scraper/app/backfill.py", line 32, in handle_task_exception
    task.result()
asyncio.exceptions.CancelledError
2025-08-15 16:59:24,861 - asyncio - ERROR - Exception in callback scrape_devpost.<locals>.<lambda>(<Task cancell.../db_ops.py:9>>) at /Users/mfonudoh/Desktop/Programs/eureka/scraper-module/scraper/app/backfill.py:94
handle: <Handle scrape_devpost.<locals>.<lambda>(<Task cancell.../db_ops.py:9>>) at /Users/mfonudoh/Desktop/Programs/eureka/scraper-module/scraper/app/backfill.py:94>
Traceback (most recent call last):
  File "/Users/mfonudoh/Desktop/Programs/eureka/scraper-module/scraper/app/db_ops.py", line 9, in insert_into_hackathon
    async def insert_into_hackathon(hackathons) -> None:
asyncio.exceptions.CancelledError

During handling of the above exception, another exception occurred:

Traceback (most recent call last):
  File "/Applications/Xcode.app/Contents/Developer/Library/Frameworks/Python3.framework/Versions/3.9/lib/python3.9/asyncio/events.py", line 80, in _run
    self._context.run(self._callback, *self._args)
  File "/Users/mfonudoh/Desktop/Programs/eureka/scraper-module/scraper/app/backfill.py", line 94, in <lambda>
    lambda t: handle_task_exception(t, hackathon_data_copy)
  File "/Users/mfonudoh/Desktop/Programs/eureka/scraper-module/scraper/app/backfill.py", line 32, in handle_task_exception
    task.result()
asyncio.exceptions.CancelledError
2025-08-15 17:43:38,688 - __name__ - INFO - Started backfill
2025-08-15 17:43:38,688 - __name__ - INFO - [SCRAPE_DEVPOST] Scraping page 1
2025-08-15 17:43:39,260 - __name__ - INFO - [SCRAPE_DEVPOST] Found 9 hackathons on this page
2025-08-15 17:43:39,261 - __name__ - INFO - [SCRAPE_DEVPOST] 9 hackathons scraped 

2025-08-15 17:43:40,262 - __name__ - INFO - [SCRAPE_DEVPOST] Scraping page 2
2025-08-15 17:43:40,678 - __name__ - INFO - [SCRAPE_DEVPOST] Found 9 hackathons on this page
2025-08-15 17:43:40,678 - __name__ - INFO - [SCRAPE_DEVPOST] 18 hackathons scraped 

2025-08-15 17:43:41,680 - __name__ - INFO - [SCRAPE_DEVPOST] Scraping page 3
2025-08-15 17:43:42,106 - __name__ - INFO - [SCRAPE_DEVPOST] Found 9 hackathons on this page
2025-08-15 17:43:42,106 - __name__ - INFO - [SCRAPE_DEVPOST] 27 hackathons scraped 

2025-08-15 17:43:43,108 - __name__ - INFO - [SCRAPE_DEVPOST] Scraping page 4
2025-08-15 17:43:43,524 - __name__ - INFO - [SCRAPE_DEVPOST] Found 9 hackathons on this page
2025-08-15 17:43:43,525 - __name__ - INFO - [SCRAPE_DEVPOST] 36 hackathons scraped 

2025-08-15 17:43:44,525 - __name__ - INFO - [SCRAPE_DEVPOST] Scraping page 5
2025-08-15 17:43:45,103 - __name__ - INFO - [SCRAPE_DEVPOST] Found 9 hackathons on this page
2025-08-15 17:43:45,103 - __name__ - INFO - [SCRAPE_DEVPOST] 45 hackathons scraped 

2025-08-15 17:43:46,105 - __name__ - INFO - [SCRAPE_DEVPOST] Scraping page 6
2025-08-15 17:43:46,618 - __name__ - INFO - [SCRAPE_DEVPOST] Found 9 hackathons on this page
2025-08-15 17:43:46,618 - __name__ - INFO - [SCRAPE_DEVPOST] 54 hackathons scraped 

2025-08-15 17:43:47,620 - __name__ - INFO - [SCRAPE_DEVPOST] Scraping page 7
2025-08-15 17:43:48,090 - __name__ - INFO - [SCRAPE_DEVPOST] Found 9 hackathons on this page
2025-08-15 17:43:48,090 - __name__ - INFO - [SCRAPE_DEVPOST] 63 hackathons scraped 

2025-08-15 17:43:49,092 - __name__ - INFO - [SCRAPE_DEVPOST] Scraping page 8
2025-08-15 17:43:49,606 - __name__ - INFO - [SCRAPE_DEVPOST] Found 9 hackathons on this page
2025-08-15 17:43:49,607 - __name__ - INFO - [SCRAPE_DEVPOST] 72 hackathons scraped 

2025-08-15 17:43:50,608 - __name__ - INFO - [SCRAPE_DEVPOST] Scraping page 9
2025-08-15 17:43:51,223 - __name__ - INFO - [SCRAPE_DEVPOST] Found 9 hackathons on this page
2025-08-15 17:43:51,223 - __name__ - INFO - [SCRAPE_DEVPOST] 81 hackathons scraped 

2025-08-15 17:43:52,224 - __name__ - INFO - [SCRAPE_DEVPOST] Scraping page 10
2025-08-15 17:43:53,454 - __name__ - INFO - [SCRAPE_DEVPOST] Found 9 hackathons on this page
2025-08-15 17:43:53,455 - __name__ - INFO - [SCRAPE_DEVPOST] 90 hackathons scraped 

2025-08-15 17:43:54,456 - __name__ - INFO - [SCRAPE_DEVPOST] Scraping page 11
2025-08-15 17:43:56,074 - __name__ - INFO - [SCRAPE_DEVPOST] Found 9 hackathons on this page
2025-08-15 17:43:56,075 - __name__ - INFO - [SCRAPE_DEVPOST] 99 hackathons scraped 

2025-08-15 17:43:57,076 - __name__ - INFO - [SCRAPE_DEVPOST] Scraping page 12
2025-08-15 17:43:57,991 - __name__ - INFO - [SCRAPE_DEVPOST] Found 9 hackathons on this page
2025-08-15 17:43:57,991 - __name__ - INFO - [SCRAPE_DEVPOST] 108 hackathons scraped 

2025-08-15 17:43:58,991 - __name__ - INFO - [SCRAPE_DEVPOST] Scraping page 13
2025-08-15 17:43:59,555 - __name__ - INFO - [SCRAPE_DEVPOST] Found 9 hackathons on this page
2025-08-15 17:43:59,555 - __name__ - INFO - [SCRAPE_DEVPOST] 117 hackathons scraped 

2025-08-15 17:44:00,556 - __name__ - INFO - [SCRAPE_DEVPOST] Scraping page 14
2025-08-15 17:44:01,140 - __name__ - INFO - [SCRAPE_DEVPOST] Found 9 hackathons on this page
2025-08-15 17:44:01,141 - __name__ - INFO - [SCRAPE_DEVPOST] 126 hackathons scraped 

2025-08-15 17:44:02,141 - __name__ - INFO - [SCRAPE_DEVPOST] Scraping page 15
2025-08-15 17:44:02,701 - __name__ - INFO - [SCRAPE_DEVPOST] Found 9 hackathons on this page
2025-08-15 17:44:02,701 - __name__ - INFO - [SCRAPE_DEVPOST] 135 hackathons scraped 

2025-08-15 17:44:03,702 - __name__ - INFO - [SCRAPE_DEVPOST] Scraping page 16
2025-08-15 17:44:04,292 - __name__ - INFO - [SCRAPE_DEVPOST] Found 9 hackathons on this page
2025-08-15 17:44:04,293 - __name__ - INFO - [SCRAPE_DEVPOST] 144 hackathons scraped 

2025-08-15 17:44:05,294 - __name__ - INFO - [SCRAPE_DEVPOST] Scraping page 17
2025-08-15 17:44:05,848 - __name__ - INFO - [SCRAPE_DEVPOST] Found 9 hackathons on this page
2025-08-15 17:44:05,848 - __name__ - INFO - [SCRAPE_DEVPOST] 153 hackathons scraped 

2025-08-15 17:44:06,849 - __name__ - INFO - [SCRAPE_DEVPOST] Scraping page 18
2025-08-15 17:44:07,419 - __name__ - INFO - [SCRAPE_DEVPOST] Found 9 hackathons on this page
2025-08-15 17:44:07,419 - __name__ - INFO - [SCRAPE_DEVPOST] 162 hackathons scraped 

2025-08-15 17:44:08,421 - __name__ - INFO - [SCRAPE_DEVPOST] Scraping page 19
2025-08-15 17:44:08,985 - __name__ - INFO - [SCRAPE_DEVPOST] Found 9 hackathons on this page
2025-08-15 17:44:08,986 - __name__ - INFO - [SCRAPE_DEVPOST] 171 hackathons scraped 

2025-08-15 17:44:09,987 - __name__ - INFO - [SCRAPE_DEVPOST] Scraping page 20
2025-08-15 17:44:10,566 - __name__ - INFO - [SCRAPE_DEVPOST] Found 9 hackathons on this page
2025-08-15 17:44:10,566 - __name__ - INFO - [SCRAPE_DEVPOST] 180 hackathons scraped 

2025-08-15 17:44:11,568 - __name__ - INFO - [SCRAPE_DEVPOST] Scraping page 21
2025-08-15 17:44:12,133 - __name__ - INFO - [SCRAPE_DEVPOST] Found 9 hackathons on this page
2025-08-15 17:44:12,133 - __name__ - INFO - [SCRAPE_DEVPOST] 189 hackathons scraped 

2025-08-15 17:44:13,134 - __name__ - INFO - [SCRAPE_DEVPOST] Scraping page 22
2025-08-15 17:44:13,711 - __name__ - INFO - [SCRAPE_DEVPOST] Found 9 hackathons on this page
2025-08-15 17:44:13,711 - __name__ - INFO - [SCRAPE_DEVPOST] 198 hackathons scraped 

2025-08-15 17:44:14,712 - __name__ - INFO - [SCRAPE_DEVPOST] Scraping page 23
2025-08-15 17:44:15,281 - __name__ - INFO - [SCRAPE_DEVPOST] Found 9 hackathons on this page
2025-08-15 17:44:15,281 - __name__ - INFO - [SCRAPE_DEVPOST] 207 hackathons scraped 

2025-08-15 17:44:16,283 - __name__ - INFO - [SCRAPE_DEVPOST] Scraping page 24
2025-08-15 17:44:16,856 - __name__ - INFO - [SCRAPE_DEVPOST] Found 9 hackathons on this page
2025-08-15 17:44:16,856 - __name__ - INFO - [SCRAPE_DEVPOST] 216 hackathons scraped 

2025-08-15 17:44:17,857 - __name__ - INFO - [SCRAPE_DEVPOST] Scraping page 25
2025-08-15 17:44:18,430 - __name__ - INFO - [SCRAPE_DEVPOST] Found 9 hackathons on this page
2025-08-15 17:44:18,430 - __name__ - INFO - [SCRAPE_DEVPOST] 225 hackathons scraped 

2025-08-15 17:44:19,431 - __name__ - INFO - [SCRAPE_DEVPOST] Scraping page 26
2025-08-15 17:44:20,003 - __name__ - INFO - [SCRAPE_DEVPOST] Found 9 hackathons on this page
2025-08-15 17:44:20,003 - __name__ - INFO - [SCRAPE_DEVPOST] 234 hackathons scraped 

2025-08-15 17:44:21,004 - __name__ - INFO - [SCRAPE_DEVPOST] Scraping page 27
2025-08-15 17:44:21,697 - __name__ - INFO - [SCRAPE_DEVPOST] Found 9 hackathons on this page
2025-08-15 17:44:21,697 - __name__ - INFO - [SCRAPE_DEVPOST] 243 hackathons scraped 

2025-08-15 17:44:22,698 - __name__ - INFO - [SCRAPE_DEVPOST] Scraping page 28
2025-08-15 17:44:23,216 - __name__ - INFO - [SCRAPE_DEVPOST] Found 9 hackathons on this page
2025-08-15 17:44:23,217 - __name__ - INFO - [SCRAPE_DEVPOST] 252 hackathons scraped 

2025-08-15 17:44:24,217 - __name__ - INFO - [SCRAPE_DEVPOST] Scraping page 29
2025-08-15 17:44:24,755 - __name__ - INFO - [SCRAPE_DEVPOST] Found 9 hackathons on this page
2025-08-15 17:44:24,755 - __name__ - INFO - [SCRAPE_DEVPOST] 261 hackathons scraped 

2025-08-15 17:44:25,756 - __name__ - INFO - [SCRAPE_DEVPOST] Scraping page 30
2025-08-15 17:44:26,315 - __name__ - INFO - [SCRAPE_DEVPOST] Found 9 hackathons on this page
2025-08-15 17:44:26,315 - __name__ - INFO - [SCRAPE_DEVPOST] 270 hackathons scraped 

2025-08-15 17:44:27,316 - __name__ - INFO - [SCRAPE_DEVPOST] Scraping page 31
2025-08-15 17:44:27,863 - __name__ - INFO - [SCRAPE_DEVPOST] Found 9 hackathons on this page
2025-08-15 17:44:27,864 - __name__ - INFO - [SCRAPE_DEVPOST] 279 hackathons scraped 

2025-08-15 17:44:28,865 - __name__ - INFO - [SCRAPE_DEVPOST] Scraping page 32
2025-08-15 17:44:29,449 - __name__ - INFO - [SCRAPE_DEVPOST] Found 9 hackathons on this page
2025-08-15 17:44:29,450 - __name__ - INFO - [SCRAPE_DEVPOST] 288 hackathons scraped 

2025-08-15 17:44:30,451 - __name__ - INFO - [SCRAPE_DEVPOST] Scraping page 33
2025-08-15 17:44:31,035 - __name__ - INFO - [SCRAPE_DEVPOST] Found 9 hackathons on this page
2025-08-15 17:44:31,035 - __name__ - INFO - [SCRAPE_DEVPOST] 297 hackathons scraped 

2025-08-15 17:44:32,037 - __name__ - INFO - [SCRAPE_DEVPOST] Scraping page 34
2025-08-15 17:44:32,586 - __name__ - INFO - [SCRAPE_DEVPOST] Found 9 hackathons on this page
2025-08-15 17:44:32,586 - __name__ - INFO - [SCRAPE_DEVPOST] 306 hackathons scraped 

2025-08-15 17:44:33,587 - __name__ - INFO - [SCRAPE_DEVPOST] Scraping page 35
2025-08-15 17:44:34,206 - __name__ - INFO - [SCRAPE_DEVPOST] Found 9 hackathons on this page
2025-08-15 17:44:34,206 - __name__ - INFO - [SCRAPE_DEVPOST] 315 hackathons scraped 

2025-08-15 17:44:35,208 - __name__ - INFO - [SCRAPE_DEVPOST] Scraping page 36
2025-08-15 17:44:35,735 - __name__ - INFO - [SCRAPE_DEVPOST] Found 9 hackathons on this page
2025-08-15 17:44:35,736 - __name__ - INFO - [SCRAPE_DEVPOST] 324 hackathons scraped 

2025-08-15 17:44:36,737 - __name__ - INFO - [SCRAPE_DEVPOST] Scraping page 37
2025-08-15 17:44:37,297 - __name__ - INFO - [SCRAPE_DEVPOST] Found 9 hackathons on this page
2025-08-15 17:44:37,298 - __name__ - INFO - [SCRAPE_DEVPOST] 333 hackathons scraped 

2025-08-15 17:44:38,299 - __name__ - INFO - [SCRAPE_DEVPOST] Scraping page 38
2025-08-15 17:44:38,877 - __name__ - INFO - [SCRAPE_DEVPOST] Found 9 hackathons on this page
2025-08-15 17:44:38,878 - __name__ - INFO - [SCRAPE_DEVPOST] 342 hackathons scraped 

2025-08-15 17:44:39,879 - __name__ - INFO - [SCRAPE_DEVPOST] Scraping page 39
2025-08-15 17:44:40,450 - __name__ - INFO - [SCRAPE_DEVPOST] Found 9 hackathons on this page
2025-08-15 17:44:40,451 - __name__ - INFO - [SCRAPE_DEVPOST] 351 hackathons scraped 

2025-08-15 17:44:41,452 - __name__ - INFO - [SCRAPE_DEVPOST] Scraping page 40
2025-08-15 17:44:42,020 - __name__ - INFO - [SCRAPE_DEVPOST] Found 9 hackathons on this page
2025-08-15 17:44:42,020 - __name__ - INFO - [SCRAPE_DEVPOST] 360 hackathons scraped 

2025-08-15 17:44:43,021 - __name__ - INFO - [SCRAPE_DEVPOST] Scraping page 41
2025-08-15 17:44:43,590 - __name__ - INFO - [SCRAPE_DEVPOST] Found 9 hackathons on this page
2025-08-15 17:44:43,590 - __name__ - INFO - [SCRAPE_DEVPOST] 369 hackathons scraped 

2025-08-15 17:44:44,591 - __name__ - INFO - [SCRAPE_DEVPOST] Scraping page 42
2025-08-15 17:44:45,168 - __name__ - INFO - [SCRAPE_DEVPOST] Found 9 hackathons on this page
2025-08-15 17:44:45,168 - __name__ - INFO - [SCRAPE_DEVPOST] 378 hackathons scraped 

2025-08-15 17:44:46,169 - __name__ - INFO - [SCRAPE_DEVPOST] Scraping page 43
2025-08-15 17:44:46,786 - __name__ - INFO - [SCRAPE_DEVPOST] Found 9 hackathons on this page
2025-08-15 17:44:46,786 - __name__ - INFO - [SCRAPE_DEVPOST] 387 hackathons scraped 

2025-08-15 17:44:47,787 - __name__ - INFO - [SCRAPE_DEVPOST] Scraping page 44
2025-08-15 17:44:48,350 - __name__ - INFO - [SCRAPE_DEVPOST] Found 9 hackathons on this page
2025-08-15 17:44:48,350 - __name__ - INFO - [SCRAPE_DEVPOST] 396 hackathons scraped 

2025-08-15 17:44:49,351 - __name__ - INFO - [SCRAPE_DEVPOST] Scraping page 45
2025-08-15 17:44:49,897 - __name__ - INFO - [SCRAPE_DEVPOST] Found 9 hackathons on this page
2025-08-15 17:44:49,898 - __name__ - INFO - [SCRAPE_DEVPOST] 405 hackathons scraped 

2025-08-15 17:44:50,899 - __name__ - INFO - [SCRAPE_DEVPOST] Scraping page 46
2025-08-15 17:44:51,459 - __name__ - INFO - [SCRAPE_DEVPOST] Found 9 hackathons on this page
2025-08-15 17:44:51,459 - __name__ - INFO - [SCRAPE_DEVPOST] 414 hackathons scraped 

2025-08-15 17:44:52,461 - __name__ - INFO - [SCRAPE_DEVPOST] Scraping page 47
2025-08-15 17:44:53,027 - __name__ - INFO - [SCRAPE_DEVPOST] Found 9 hackathons on this page
2025-08-15 17:44:53,027 - __name__ - INFO - [SCRAPE_DEVPOST] 423 hackathons scraped 

2025-08-15 17:44:54,029 - __name__ - INFO - [SCRAPE_DEVPOST] Scraping page 48
2025-08-15 17:44:54,610 - __name__ - INFO - [SCRAPE_DEVPOST] Found 9 hackathons on this page
2025-08-15 17:44:54,611 - __name__ - INFO - [SCRAPE_DEVPOST] 432 hackathons scraped 

2025-08-15 17:44:55,612 - __name__ - INFO - [SCRAPE_DEVPOST] Scraping page 49
2025-08-15 17:44:56,173 - __name__ - INFO - [SCRAPE_DEVPOST] Found 9 hackathons on this page
2025-08-15 17:44:56,173 - __name__ - INFO - [SCRAPE_DEVPOST] 441 hackathons scraped 

2025-08-15 17:44:57,175 - __name__ - INFO - [SCRAPE_DEVPOST] Scraping page 50
2025-08-15 17:44:57,751 - __name__ - INFO - [SCRAPE_DEVPOST] Found 9 hackathons on this page
2025-08-15 17:44:57,751 - __name__ - INFO - [SCRAPE_DEVPOST] 450 hackathons scraped 

2025-08-15 17:44:58,753 - __name__ - INFO - [SCRAPE_DEVPOST] Scraping page 51
2025-08-15 17:44:59,324 - __name__ - INFO - [SCRAPE_DEVPOST] Found 9 hackathons on this page
2025-08-15 17:44:59,324 - __name__ - INFO - [SCRAPE_DEVPOST] 459 hackathons scraped 

2025-08-15 17:45:00,325 - __name__ - INFO - [SCRAPE_DEVPOST] Scraping page 52
2025-08-15 17:45:00,898 - __name__ - INFO - [SCRAPE_DEVPOST] Found 9 hackathons on this page
2025-08-15 17:45:00,898 - __name__ - INFO - [SCRAPE_DEVPOST] 468 hackathons scraped 

2025-08-15 17:45:01,899 - __name__ - INFO - [SCRAPE_DEVPOST] Scraping page 53
2025-08-15 17:45:02,574 - __name__ - INFO - [SCRAPE_DEVPOST] Found 9 hackathons on this page
2025-08-15 17:45:02,574 - __name__ - INFO - [SCRAPE_DEVPOST] 477 hackathons scraped 

2025-08-15 17:45:03,576 - __name__ - INFO - [SCRAPE_DEVPOST] Scraping page 54
2025-08-15 17:45:04,116 - __name__ - INFO - [SCRAPE_DEVPOST] Found 9 hackathons on this page
2025-08-15 17:45:04,116 - __name__ - INFO - [SCRAPE_DEVPOST] 486 hackathons scraped 

2025-08-15 17:45:05,118 - __name__ - INFO - [SCRAPE_DEVPOST] Scraping page 55
2025-08-15 17:45:05,643 - __name__ - INFO - [SCRAPE_DEVPOST] Found 9 hackathons on this page
2025-08-15 17:45:05,644 - __name__ - INFO - [SCRAPE_DEVPOST] 495 hackathons scraped 

2025-08-15 17:45:06,645 - __name__ - INFO - [SCRAPE_DEVPOST] Scraping page 56
2025-08-15 17:45:07,190 - __name__ - INFO - [SCRAPE_DEVPOST] Found 9 hackathons on this page
2025-08-15 17:45:07,191 - __name__ - INFO - [BATCH] Scheduling DB insert for 504 hackathons
2025-08-15 17:45:07,192 - scraper.app.db_ops - INFO - Attempting to insert 504 hackathons
2025-08-15 17:45:07,204 - __name__ - INFO - [SCRAPE_DEVPOST] 504 hackathons scraped 

2025-08-15 17:45:07,286 - scraper.app.db_ops - INFO - Successfully inserted 504 hackathons
2025-08-15 17:45:08,206 - __name__ - INFO - [SCRAPE_DEVPOST] Scraping page 57
2025-08-15 17:45:08,756 - __name__ - INFO - [SCRAPE_DEVPOST] Found 9 hackathons on this page
2025-08-15 17:45:08,756 - __name__ - INFO - [SCRAPE_DEVPOST] 513 hackathons scraped 

2025-08-15 17:45:09,756 - __name__ - INFO - [SCRAPE_DEVPOST] Scraping page 58
2025-08-15 17:45:10,339 - __name__ - INFO - [SCRAPE_DEVPOST] Found 9 hackathons on this page
2025-08-15 17:45:10,340 - __name__ - INFO - [SCRAPE_DEVPOST] 522 hackathons scraped 

2025-08-15 17:45:11,340 - __name__ - INFO - [SCRAPE_DEVPOST] Scraping page 59
2025-08-15 17:45:11,901 - __name__ - INFO - [SCRAPE_DEVPOST] Found 9 hackathons on this page
2025-08-15 17:45:11,901 - __name__ - INFO - [SCRAPE_DEVPOST] 531 hackathons scraped 

2025-08-15 17:45:12,902 - __name__ - INFO - [SCRAPE_DEVPOST] Scraping page 60
2025-08-15 17:45:13,482 - __name__ - INFO - [SCRAPE_DEVPOST] Found 9 hackathons on this page
2025-08-15 17:45:13,483 - __name__ - INFO - [SCRAPE_DEVPOST] 540 hackathons scraped 

2025-08-15 17:45:14,484 - __name__ - INFO - [SCRAPE_DEVPOST] Scraping page 61
2025-08-15 17:45:15,049 - __name__ - INFO - [SCRAPE_DEVPOST] Found 9 hackathons on this page
2025-08-15 17:45:15,049 - __name__ - INFO - [SCRAPE_DEVPOST] 549 hackathons scraped 

2025-08-15 17:45:16,050 - __name__ - INFO - [SCRAPE_DEVPOST] Scraping page 62
2025-08-15 17:45:16,626 - __name__ - INFO - [SCRAPE_DEVPOST] Found 9 hackathons on this page
2025-08-15 17:45:16,626 - __name__ - INFO - [SCRAPE_DEVPOST] 558 hackathons scraped 

2025-08-15 17:45:17,628 - __name__ - INFO - [SCRAPE_DEVPOST] Scraping page 63
2025-08-15 17:45:18,198 - __name__ - INFO - [SCRAPE_DEVPOST] Found 9 hackathons on this page
2025-08-15 17:45:18,199 - __name__ - INFO - [SCRAPE_DEVPOST] 567 hackathons scraped 

2025-08-15 17:45:19,200 - __name__ - INFO - [SCRAPE_DEVPOST] Scraping page 64
2025-08-15 17:45:19,817 - __name__ - INFO - [SCRAPE_DEVPOST] Found 9 hackathons on this page
2025-08-15 17:45:19,817 - __name__ - INFO - [SCRAPE_DEVPOST] 576 hackathons scraped 

2025-08-15 17:45:20,818 - __name__ - INFO - [SCRAPE_DEVPOST] Scraping page 65
2025-08-15 17:45:21,339 - __name__ - INFO - [SCRAPE_DEVPOST] Found 9 hackathons on this page
2025-08-15 17:45:21,339 - __name__ - INFO - [SCRAPE_DEVPOST] 585 hackathons scraped 

2025-08-15 17:45:22,340 - __name__ - INFO - [SCRAPE_DEVPOST] Scraping page 66
2025-08-15 17:45:23,025 - __name__ - INFO - [SCRAPE_DEVPOST] Found 9 hackathons on this page
2025-08-15 17:45:23,025 - __name__ - INFO - [SCRAPE_DEVPOST] 594 hackathons scraped 

2025-08-15 17:45:24,026 - __name__ - INFO - [SCRAPE_DEVPOST] Scraping page 67
2025-08-15 17:45:24,558 - __name__ - INFO - [SCRAPE_DEVPOST] Found 9 hackathons on this page
2025-08-15 17:45:24,559 - __name__ - INFO - [SCRAPE_DEVPOST] 603 hackathons scraped 

2025-08-15 17:45:25,559 - __name__ - INFO - [SCRAPE_DEVPOST] Scraping page 68
2025-08-15 17:45:26,085 - __name__ - INFO - [SCRAPE_DEVPOST] Found 9 hackathons on this page
2025-08-15 17:45:26,086 - __name__ - INFO - [SCRAPE_DEVPOST] 612 hackathons scraped 

2025-08-15 17:45:27,087 - __name__ - INFO - [SCRAPE_DEVPOST] Scraping page 69
2025-08-15 17:45:27,631 - __name__ - INFO - [SCRAPE_DEVPOST] Found 9 hackathons on this page
2025-08-15 17:45:27,631 - __name__ - INFO - [SCRAPE_DEVPOST] 621 hackathons scraped 

2025-08-15 17:45:28,632 - __name__ - INFO - [SCRAPE_DEVPOST] Scraping page 70
2025-08-15 17:45:29,237 - __name__ - INFO - [SCRAPE_DEVPOST] Found 9 hackathons on this page
2025-08-15 17:45:29,237 - __name__ - INFO - [SCRAPE_DEVPOST] 630 hackathons scraped 

2025-08-15 17:45:30,239 - __name__ - INFO - [SCRAPE_DEVPOST] Scraping page 71
2025-08-15 17:45:30,807 - __name__ - INFO - [SCRAPE_DEVPOST] Found 9 hackathons on this page
2025-08-15 17:45:30,808 - __name__ - INFO - [SCRAPE_DEVPOST] 639 hackathons scraped 

2025-08-15 17:45:31,809 - __name__ - INFO - [SCRAPE_DEVPOST] Scraping page 72
2025-08-15 17:45:32,354 - __name__ - INFO - [SCRAPE_DEVPOST] Found 9 hackathons on this page
2025-08-15 17:45:32,355 - __name__ - INFO - [SCRAPE_DEVPOST] 648 hackathons scraped 

2025-08-15 17:45:33,356 - __name__ - INFO - [SCRAPE_DEVPOST] Scraping page 73
2025-08-15 17:45:33,951 - __name__ - INFO - [SCRAPE_DEVPOST] Found 9 hackathons on this page
2025-08-15 17:45:33,951 - __name__ - INFO - [SCRAPE_DEVPOST] 657 hackathons scraped 

2025-08-15 17:45:34,953 - __name__ - INFO - [SCRAPE_DEVPOST] Scraping page 74
2025-08-15 17:45:35,629 - __name__ - INFO - [SCRAPE_DEVPOST] Found 9 hackathons on this page
2025-08-15 17:45:35,629 - __name__ - INFO - [SCRAPE_DEVPOST] 666 hackathons scraped 

2025-08-15 17:45:36,631 - __name__ - INFO - [SCRAPE_DEVPOST] Scraping page 75
2025-08-15 17:45:37,159 - __name__ - INFO - [SCRAPE_DEVPOST] Found 9 hackathons on this page
2025-08-15 17:45:37,159 - __name__ - INFO - [SCRAPE_DEVPOST] 675 hackathons scraped 

2025-08-15 17:45:38,160 - __name__ - INFO - [SCRAPE_DEVPOST] Scraping page 76
2025-08-15 17:45:38,672 - __name__ - INFO - [SCRAPE_DEVPOST] Found 9 hackathons on this page
2025-08-15 17:45:38,672 - __name__ - INFO - [SCRAPE_DEVPOST] 684 hackathons scraped 

2025-08-15 17:45:39,673 - __name__ - INFO - [SCRAPE_DEVPOST] Scraping page 77
2025-08-15 17:45:40,217 - __name__ - INFO - [SCRAPE_DEVPOST] Found 9 hackathons on this page
2025-08-15 17:45:40,217 - __name__ - INFO - [SCRAPE_DEVPOST] 693 hackathons scraped 

2025-08-15 17:45:41,217 - __name__ - INFO - [SCRAPE_DEVPOST] Scraping page 78
2025-08-15 17:45:41,789 - __name__ - INFO - [SCRAPE_DEVPOST] Found 9 hackathons on this page
2025-08-15 17:45:41,789 - __name__ - INFO - [SCRAPE_DEVPOST] 702 hackathons scraped 

2025-08-15 17:45:42,789 - __name__ - INFO - [SCRAPE_DEVPOST] Scraping page 79
2025-08-15 17:45:43,435 - __name__ - INFO - [SCRAPE_DEVPOST] Found 9 hackathons on this page
2025-08-15 17:45:43,435 - __name__ - INFO - [SCRAPE_DEVPOST] 711 hackathons scraped 

2025-08-15 17:45:44,435 - __name__ - INFO - [SCRAPE_DEVPOST] Scraping page 80
2025-08-15 17:45:44,945 - __name__ - INFO - [SCRAPE_DEVPOST] Found 9 hackathons on this page
2025-08-15 17:45:44,945 - __name__ - INFO - [SCRAPE_DEVPOST] 720 hackathons scraped 

2025-08-15 17:45:45,946 - __name__ - INFO - [SCRAPE_DEVPOST] Scraping page 81
2025-08-15 17:45:46,498 - __name__ - INFO - [SCRAPE_DEVPOST] Found 9 hackathons on this page
2025-08-15 17:45:46,498 - __name__ - INFO - [SCRAPE_DEVPOST] 729 hackathons scraped 

2025-08-15 17:45:47,498 - __name__ - INFO - [SCRAPE_DEVPOST] Scraping page 82
2025-08-15 17:45:48,074 - __name__ - INFO - [SCRAPE_DEVPOST] Found 9 hackathons on this page
2025-08-15 17:45:48,075 - __name__ - INFO - [SCRAPE_DEVPOST] 738 hackathons scraped 

2025-08-15 17:45:49,075 - __name__ - INFO - [SCRAPE_DEVPOST] Scraping page 83
2025-08-15 17:45:49,646 - __name__ - INFO - [SCRAPE_DEVPOST] Found 9 hackathons on this page
2025-08-15 17:45:49,646 - __name__ - INFO - [SCRAPE_DEVPOST] 747 hackathons scraped 

2025-08-15 17:45:50,646 - __name__ - INFO - [SCRAPE_DEVPOST] Scraping page 84
2025-08-15 17:45:51,228 - __name__ - INFO - [SCRAPE_DEVPOST] Found 9 hackathons on this page
2025-08-15 17:45:51,229 - __name__ - INFO - [SCRAPE_DEVPOST] 756 hackathons scraped 

2025-08-15 17:45:52,229 - __name__ - INFO - [SCRAPE_DEVPOST] Scraping page 85
2025-08-15 17:45:52,783 - __name__ - INFO - [SCRAPE_DEVPOST] Found 9 hackathons on this page
2025-08-15 17:45:52,783 - __name__ - INFO - [SCRAPE_DEVPOST] 765 hackathons scraped 

2025-08-15 17:45:53,784 - __name__ - INFO - [SCRAPE_DEVPOST] Scraping page 86
2025-08-15 17:45:54,361 - __name__ - INFO - [SCRAPE_DEVPOST] Found 9 hackathons on this page
2025-08-15 17:45:54,362 - __name__ - INFO - [SCRAPE_DEVPOST] 774 hackathons scraped 

2025-08-15 17:45:55,362 - __name__ - INFO - [SCRAPE_DEVPOST] Scraping page 87
2025-08-15 17:45:55,927 - __name__ - INFO - [SCRAPE_DEVPOST] Found 9 hackathons on this page
2025-08-15 17:45:55,927 - __name__ - INFO - [SCRAPE_DEVPOST] 783 hackathons scraped 

2025-08-15 17:45:56,928 - __name__ - INFO - [SCRAPE_DEVPOST] Scraping page 88
2025-08-15 17:45:57,506 - __name__ - INFO - [SCRAPE_DEVPOST] Found 9 hackathons on this page
2025-08-15 17:45:57,506 - __name__ - INFO - [SCRAPE_DEVPOST] 792 hackathons scraped 

2025-08-15 17:45:58,507 - __name__ - INFO - [SCRAPE_DEVPOST] Scraping page 89
2025-08-15 17:45:59,073 - __name__ - INFO - [SCRAPE_DEVPOST] Found 9 hackathons on this page
2025-08-15 17:45:59,074 - __name__ - INFO - [SCRAPE_DEVPOST] 801 hackathons scraped 

2025-08-15 17:46:00,075 - __name__ - INFO - [SCRAPE_DEVPOST] Scraping page 90
2025-08-15 17:46:00,649 - __name__ - INFO - [SCRAPE_DEVPOST] Found 9 hackathons on this page
2025-08-15 17:46:00,650 - __name__ - INFO - [SCRAPE_DEVPOST] 810 hackathons scraped 

2025-08-15 17:46:01,651 - __name__ - INFO - [SCRAPE_DEVPOST] Scraping page 91
2025-08-15 17:46:02,216 - __name__ - INFO - [SCRAPE_DEVPOST] Found 9 hackathons on this page
2025-08-15 17:46:02,217 - __name__ - INFO - [SCRAPE_DEVPOST] 819 hackathons scraped 

2025-08-15 17:46:03,217 - __name__ - INFO - [SCRAPE_DEVPOST] Scraping page 92
2025-08-15 17:46:03,871 - __name__ - INFO - [SCRAPE_DEVPOST] Found 9 hackathons on this page
2025-08-15 17:46:03,871 - __name__ - INFO - [SCRAPE_DEVPOST] 828 hackathons scraped 

2025-08-15 17:46:04,873 - __name__ - INFO - [SCRAPE_DEVPOST] Scraping page 93
2025-08-15 17:46:05,406 - __name__ - INFO - [SCRAPE_DEVPOST] Found 9 hackathons on this page
2025-08-15 17:46:05,407 - __name__ - INFO - [SCRAPE_DEVPOST] 837 hackathons scraped 

2025-08-15 17:46:06,407 - __name__ - INFO - [SCRAPE_DEVPOST] Scraping page 94
2025-08-15 17:46:06,940 - __name__ - INFO - [SCRAPE_DEVPOST] Found 9 hackathons on this page
2025-08-15 17:46:06,941 - __name__ - INFO - [SCRAPE_DEVPOST] 846 hackathons scraped 

2025-08-15 17:46:07,942 - __name__ - INFO - [SCRAPE_DEVPOST] Scraping page 95
2025-08-15 17:46:08,528 - __name__ - INFO - [SCRAPE_DEVPOST] Found 9 hackathons on this page
2025-08-15 17:46:08,529 - __name__ - INFO - [SCRAPE_DEVPOST] 855 hackathons scraped 

2025-08-15 17:46:09,530 - __name__ - INFO - [SCRAPE_DEVPOST] Scraping page 96
2025-08-15 17:46:10,084 - __name__ - INFO - [SCRAPE_DEVPOST] Found 9 hackathons on this page
2025-08-15 17:46:10,084 - __name__ - INFO - [SCRAPE_DEVPOST] 864 hackathons scraped 

2025-08-15 17:46:11,085 - __name__ - INFO - [SCRAPE_DEVPOST] Scraping page 97
2025-08-15 17:46:11,742 - __name__ - INFO - [SCRAPE_DEVPOST] Found 9 hackathons on this page
2025-08-15 17:46:11,742 - __name__ - INFO - [SCRAPE_DEVPOST] 873 hackathons scraped 

2025-08-15 17:46:12,743 - __name__ - INFO - [SCRAPE_DEVPOST] Scraping page 98
2025-08-15 17:46:13,386 - __name__ - INFO - [SCRAPE_DEVPOST] Found 9 hackathons on this page
2025-08-15 17:46:13,387 - __name__ - INFO - [SCRAPE_DEVPOST] 882 hackathons scraped 

2025-08-15 17:46:14,388 - __name__ - INFO - [SCRAPE_DEVPOST] Scraping page 99
2025-08-15 17:46:14,908 - __name__ - INFO - [SCRAPE_DEVPOST] Found 9 hackathons on this page
2025-08-15 17:46:14,909 - __name__ - INFO - [SCRAPE_DEVPOST] 891 hackathons scraped 

2025-08-15 17:46:15,909 - __name__ - INFO - [SCRAPE_DEVPOST] Scraping page 100
2025-08-15 17:46:16,429 - __name__ - INFO - [SCRAPE_DEVPOST] Found 9 hackathons on this page
2025-08-15 17:46:16,430 - __name__ - INFO - [SCRAPE_DEVPOST] 900 hackathons scraped 

2025-08-15 17:46:17,431 - __name__ - INFO - [SCRAPE_DEVPOST] Scraping page 101
2025-08-15 17:46:18,076 - __name__ - INFO - [SCRAPE_DEVPOST] Found 9 hackathons on this page
2025-08-15 17:46:18,076 - __name__ - INFO - [SCRAPE_DEVPOST] 909 hackathons scraped 

2025-08-15 17:46:19,077 - __name__ - INFO - [SCRAPE_DEVPOST] Scraping page 102
2025-08-15 17:46:19,589 - __name__ - INFO - [SCRAPE_DEVPOST] Found 9 hackathons on this page
2025-08-15 17:46:19,590 - __name__ - INFO - [SCRAPE_DEVPOST] 918 hackathons scraped 

2025-08-15 17:46:20,591 - __name__ - INFO - [SCRAPE_DEVPOST] Scraping page 103
2025-08-15 17:46:21,168 - __name__ - INFO - [SCRAPE_DEVPOST] Found 9 hackathons on this page
2025-08-15 17:46:21,169 - __name__ - INFO - [SCRAPE_DEVPOST] 927 hackathons scraped 

2025-08-15 17:46:22,170 - __name__ - INFO - [SCRAPE_DEVPOST] Scraping page 104
2025-08-15 17:46:22,687 - __name__ - INFO - [SCRAPE_DEVPOST] Found 9 hackathons on this page
2025-08-15 17:46:22,687 - __name__ - INFO - [SCRAPE_DEVPOST] 936 hackathons scraped 

2025-08-15 17:46:23,689 - __name__ - INFO - [SCRAPE_DEVPOST] Scraping page 105
2025-08-15 17:46:24,239 - __name__ - INFO - [SCRAPE_DEVPOST] Found 9 hackathons on this page
2025-08-15 17:46:24,240 - __name__ - INFO - [SCRAPE_DEVPOST] 945 hackathons scraped 

2025-08-15 17:46:25,240 - __name__ - INFO - [SCRAPE_DEVPOST] Scraping page 106
2025-08-15 17:46:25,812 - __name__ - INFO - [SCRAPE_DEVPOST] Found 9 hackathons on this page
2025-08-15 17:46:25,812 - __name__ - INFO - [SCRAPE_DEVPOST] 954 hackathons scraped 

2025-08-15 17:46:26,813 - __name__ - INFO - [SCRAPE_DEVPOST] Scraping page 107
2025-08-15 17:46:27,386 - __name__ - INFO - [SCRAPE_DEVPOST] Found 9 hackathons on this page
2025-08-15 17:46:27,386 - __name__ - INFO - [SCRAPE_DEVPOST] 963 hackathons scraped 

2025-08-15 17:46:28,388 - __name__ - INFO - [SCRAPE_DEVPOST] Scraping page 108
2025-08-15 17:46:28,960 - __name__ - INFO - [SCRAPE_DEVPOST] Found 9 hackathons on this page
2025-08-15 17:46:28,960 - __name__ - INFO - [SCRAPE_DEVPOST] 972 hackathons scraped 

2025-08-15 17:46:29,962 - __name__ - INFO - [SCRAPE_DEVPOST] Scraping page 109
2025-08-15 17:46:30,545 - __name__ - INFO - [SCRAPE_DEVPOST] Found 9 hackathons on this page
2025-08-15 17:46:30,545 - __name__ - INFO - [SCRAPE_DEVPOST] 981 hackathons scraped 

2025-08-15 17:46:31,547 - __name__ - INFO - [SCRAPE_DEVPOST] Scraping page 110
2025-08-15 17:46:32,145 - __name__ - INFO - [SCRAPE_DEVPOST] Found 9 hackathons on this page
2025-08-15 17:46:32,146 - __name__ - INFO - [SCRAPE_DEVPOST] 990 hackathons scraped 

2025-08-15 17:46:33,147 - __name__ - INFO - [SCRAPE_DEVPOST] Scraping page 111
2025-08-15 17:46:34,007 - __name__ - INFO - [SCRAPE_DEVPOST] Found 9 hackathons on this page
2025-08-15 17:46:34,007 - __name__ - INFO - [SCRAPE_DEVPOST] 999 hackathons scraped 

2025-08-15 17:46:35,009 - __name__ - INFO - [SCRAPE_DEVPOST] Scraping page 112
2025-08-15 17:46:35,635 - __name__ - INFO - [SCRAPE_DEVPOST] Found 9 hackathons on this page
2025-08-15 17:46:35,635 - __name__ - INFO - [BATCH] Scheduling DB insert for 504 hackathons
2025-08-15 17:46:35,636 - scraper.app.db_ops - INFO - Attempting to insert 504 hackathons
2025-08-15 17:46:35,637 - __name__ - INFO - [SCRAPE_DEVPOST] 1008 hackathons scraped 

2025-08-15 17:46:35,706 - scraper.app.db_ops - INFO - Successfully inserted 504 hackathons
2025-08-15 17:46:36,639 - __name__ - INFO - [SCRAPE_DEVPOST] Scraping page 113
2025-08-15 17:46:37,166 - __name__ - INFO - [SCRAPE_DEVPOST] Found 9 hackathons on this page
2025-08-15 17:46:37,166 - __name__ - INFO - [SCRAPE_DEVPOST] 1017 hackathons scraped 

2025-08-15 17:46:38,168 - __name__ - INFO - [SCRAPE_DEVPOST] Scraping page 114
2025-08-15 17:46:38,743 - __name__ - INFO - [SCRAPE_DEVPOST] Found 9 hackathons on this page
2025-08-15 17:46:38,744 - __name__ - INFO - [SCRAPE_DEVPOST] 1026 hackathons scraped 

2025-08-15 17:46:39,745 - __name__ - INFO - [SCRAPE_DEVPOST] Scraping page 115
2025-08-15 17:46:40,319 - __name__ - INFO - [SCRAPE_DEVPOST] Found 9 hackathons on this page
2025-08-15 17:46:40,319 - __name__ - INFO - [SCRAPE_DEVPOST] 1035 hackathons scraped 

2025-08-15 17:46:41,320 - __name__ - INFO - [SCRAPE_DEVPOST] Scraping page 116
2025-08-15 17:46:42,068 - __name__ - INFO - [SCRAPE_DEVPOST] Found 9 hackathons on this page
2025-08-15 17:46:42,068 - __name__ - INFO - [SCRAPE_DEVPOST] 1044 hackathons scraped 

2025-08-15 17:46:43,070 - __name__ - INFO - [SCRAPE_DEVPOST] Scraping page 117
2025-08-15 17:46:43,641 - __name__ - INFO - [SCRAPE_DEVPOST] Found 9 hackathons on this page
2025-08-15 17:46:43,642 - __name__ - INFO - [SCRAPE_DEVPOST] 1053 hackathons scraped 

2025-08-15 17:46:44,643 - __name__ - INFO - [SCRAPE_DEVPOST] Scraping page 118
2025-08-15 17:46:45,267 - __name__ - INFO - [SCRAPE_DEVPOST] Found 9 hackathons on this page
2025-08-15 17:46:45,267 - __name__ - INFO - [SCRAPE_DEVPOST] 1062 hackathons scraped 

2025-08-15 17:46:46,268 - __name__ - INFO - [SCRAPE_DEVPOST] Scraping page 119
2025-08-15 17:46:46,789 - __name__ - INFO - [SCRAPE_DEVPOST] Found 9 hackathons on this page
2025-08-15 17:46:46,789 - __name__ - INFO - [SCRAPE_DEVPOST] 1071 hackathons scraped 

2025-08-15 17:46:47,789 - __name__ - INFO - [SCRAPE_DEVPOST] Scraping page 120
2025-08-15 17:46:48,352 - __name__ - INFO - [SCRAPE_DEVPOST] Found 9 hackathons on this page
2025-08-15 17:46:48,353 - __name__ - INFO - [SCRAPE_DEVPOST] 1080 hackathons scraped 

2025-08-15 17:46:49,354 - __name__ - INFO - [SCRAPE_DEVPOST] Scraping page 121
2025-08-15 17:46:49,988 - __name__ - INFO - [SCRAPE_DEVPOST] Found 9 hackathons on this page
2025-08-15 17:46:49,989 - __name__ - INFO - [SCRAPE_DEVPOST] 1089 hackathons scraped 

2025-08-15 17:46:50,990 - __name__ - INFO - [SCRAPE_DEVPOST] Scraping page 122
2025-08-15 17:46:51,537 - __name__ - INFO - [SCRAPE_DEVPOST] Found 9 hackathons on this page
2025-08-15 17:46:51,537 - __name__ - INFO - [SCRAPE_DEVPOST] 1098 hackathons scraped 

2025-08-15 17:46:52,538 - __name__ - INFO - [SCRAPE_DEVPOST] Scraping page 123
2025-08-15 17:46:53,106 - __name__ - INFO - [SCRAPE_DEVPOST] Found 9 hackathons on this page
2025-08-15 17:46:53,106 - __name__ - INFO - [SCRAPE_DEVPOST] 1107 hackathons scraped 

2025-08-15 17:46:54,107 - __name__ - INFO - [SCRAPE_DEVPOST] Scraping page 124
2025-08-15 17:46:54,720 - __name__ - INFO - [SCRAPE_DEVPOST] Found 9 hackathons on this page
2025-08-15 17:46:54,721 - __name__ - INFO - [SCRAPE_DEVPOST] 1116 hackathons scraped 

2025-08-15 17:46:55,722 - __name__ - INFO - [SCRAPE_DEVPOST] Scraping page 125
2025-08-15 17:46:56,260 - __name__ - INFO - [SCRAPE_DEVPOST] Found 9 hackathons on this page
2025-08-15 17:46:56,260 - __name__ - INFO - [SCRAPE_DEVPOST] 1125 hackathons scraped 

2025-08-15 17:46:57,262 - __name__ - INFO - [SCRAPE_DEVPOST] Scraping page 126
2025-08-15 17:46:57,871 - __name__ - INFO - [SCRAPE_DEVPOST] Found 9 hackathons on this page
2025-08-15 17:46:57,871 - __name__ - INFO - [SCRAPE_DEVPOST] 1134 hackathons scraped 

2025-08-15 17:46:58,873 - __name__ - INFO - [SCRAPE_DEVPOST] Scraping page 127
2025-08-15 17:46:59,389 - __name__ - INFO - [SCRAPE_DEVPOST] Found 9 hackathons on this page
2025-08-15 17:46:59,389 - __name__ - INFO - [SCRAPE_DEVPOST] 1143 hackathons scraped 

2025-08-15 17:47:00,390 - __name__ - INFO - [SCRAPE_DEVPOST] Scraping page 128
2025-08-15 17:47:00,937 - __name__ - INFO - [SCRAPE_DEVPOST] Found 9 hackathons on this page
2025-08-15 17:47:00,937 - __name__ - INFO - [SCRAPE_DEVPOST] 1152 hackathons scraped 

2025-08-15 17:47:01,938 - __name__ - INFO - [SCRAPE_DEVPOST] Scraping page 129
2025-08-15 17:47:02,586 - __name__ - INFO - [SCRAPE_DEVPOST] Found 9 hackathons on this page
2025-08-15 17:47:02,587 - __name__ - INFO - [SCRAPE_DEVPOST] 1161 hackathons scraped 

2025-08-15 17:47:03,588 - __name__ - INFO - [SCRAPE_DEVPOST] Scraping page 130
2025-08-15 17:47:04,126 - __name__ - INFO - [SCRAPE_DEVPOST] Found 9 hackathons on this page
2025-08-15 17:47:04,126 - __name__ - INFO - [SCRAPE_DEVPOST] 1170 hackathons scraped 

2025-08-15 17:47:05,127 - __name__ - INFO - [SCRAPE_DEVPOST] Scraping page 131
2025-08-15 17:47:05,663 - __name__ - INFO - [SCRAPE_DEVPOST] Found 9 hackathons on this page
2025-08-15 17:47:05,663 - __name__ - INFO - [SCRAPE_DEVPOST] 1179 hackathons scraped 

2025-08-15 17:47:06,664 - __name__ - INFO - [SCRAPE_DEVPOST] Scraping page 132
2025-08-15 17:47:07,227 - __name__ - INFO - [SCRAPE_DEVPOST] Found 9 hackathons on this page
2025-08-15 17:47:07,228 - __name__ - INFO - [SCRAPE_DEVPOST] 1188 hackathons scraped 

2025-08-15 17:47:08,229 - __name__ - INFO - [SCRAPE_DEVPOST] Scraping page 133
2025-08-15 17:47:08,807 - __name__ - INFO - [SCRAPE_DEVPOST] Found 9 hackathons on this page
2025-08-15 17:47:08,807 - __name__ - INFO - [SCRAPE_DEVPOST] 1197 hackathons scraped 

2025-08-15 17:47:09,808 - __name__ - INFO - [SCRAPE_DEVPOST] Scraping page 134
2025-08-15 17:47:10,387 - __name__ - INFO - [SCRAPE_DEVPOST] Found 9 hackathons on this page
2025-08-15 17:47:10,388 - __name__ - INFO - [SCRAPE_DEVPOST] 1206 hackathons scraped 

2025-08-15 17:47:11,389 - __name__ - INFO - [SCRAPE_DEVPOST] Scraping page 135
2025-08-15 17:47:11,952 - __name__ - INFO - [SCRAPE_DEVPOST] Found 9 hackathons on this page
2025-08-15 17:47:11,952 - __name__ - INFO - [SCRAPE_DEVPOST] 1215 hackathons scraped 

2025-08-15 17:47:12,953 - __name__ - INFO - [SCRAPE_DEVPOST] Scraping page 136
2025-08-15 17:47:13,523 - __name__ - INFO - [SCRAPE_DEVPOST] Found 9 hackathons on this page
2025-08-15 17:47:13,524 - __name__ - INFO - [SCRAPE_DEVPOST] 1224 hackathons scraped 

2025-08-15 17:47:14,525 - __name__ - INFO - [SCRAPE_DEVPOST] Scraping page 137
2025-08-15 17:47:15,181 - __name__ - INFO - [SCRAPE_DEVPOST] Found 9 hackathons on this page
2025-08-15 17:47:15,181 - __name__ - INFO - [SCRAPE_DEVPOST] 1233 hackathons scraped 

2025-08-15 17:47:16,183 - __name__ - INFO - [SCRAPE_DEVPOST] Scraping page 138
2025-08-15 17:47:16,706 - __name__ - INFO - [SCRAPE_DEVPOST] Found 9 hackathons on this page
2025-08-15 17:47:16,707 - __name__ - INFO - [SCRAPE_DEVPOST] 1242 hackathons scraped 

2025-08-15 17:47:17,708 - __name__ - INFO - [SCRAPE_DEVPOST] Scraping page 139
